<?xml version="1.0" encoding="UTF-8"?>
<robot generator="Robot 6.1.1 (Python 3.11.4 on win32)" generated="20240119 02:45:33.427" rpa="false" schemaversion="4">
<suite id="s1" name="Add Field" source="C:\Users\abdullah\PycharmProjects\MobileAutomation\tests\add_field.robot">
<kw name="Open and Login the Application" library="Open_Application" type="SETUP">
<msg timestamp="20240119 02:45:33.726" level="TRACE">Arguments: [  ]</msg>
<kw name="I Open the Application" library="login_keyword">
<msg timestamp="20240119 02:45:33.726" level="TRACE">Arguments: [  ]</msg>
<kw name="Open Application" library="AppiumLibrary">
<arg>http://localhost:4723/wd/hub</arg>
<arg>platformName=Android</arg>
<arg>deviceName=R58MA2LGQML</arg>
<arg>appPackage=com.ricult.ricultagent</arg>
<arg>appActivity=com.ricult.MainActivity</arg>
<arg>automationName=Uiautomator2</arg>
<arg>autoGrantPermissions=true</arg>
<doc>Opens a new application to given Appium server.
Capabilities of appium server, Android and iOS,
Please check https://github.com/appium/appium/blob/master/docs/en/writing-running-appium/server-args.md
| *Option*            | *Man.* | *Description*     |
| remote_url          | Yes    | Appium server url |
| alias               | no     | alias             |
| strict_ssl          | No     | allows you to send commands to an invalid certificate host like a self-signed one. |</doc>
<msg timestamp="20240119 02:45:33.727" level="TRACE">Arguments: [ 'http://localhost:4723/wd/hub' | platformName='Android' | deviceName='R58MA2LGQML' | appPackage='com.ricult.ricultagent' | appActivity='com.ricult.MainActivity' | automationName='Uiautomator2' | autoGrantPermissions='true' ]</msg>
<msg timestamp="20240119 02:45:33.727" level="DEBUG">POST http://localhost:4723/wd/hub/session {"capabilities": {"firstMatch": [{}], "alwaysMatch": {"platformName": "Android", "appium:deviceName": "R58MA2LGQML", "appium:appPackage": "com.ricult.ricultagent", "appium:appActivity": "com.ricult.MainActivity", "appium:automationName": "Uiautomator2", "appium:autoGrantPermissions": "true"}}}</msg>
<msg timestamp="20240119 02:45:33.744" level="DEBUG">Starting new HTTP connection (1): localhost:4723</msg>
<msg timestamp="20240119 02:45:48.459" level="DEBUG">http://localhost:4723 "POST /wd/hub/session HTTP/1.1" 200 0</msg>
<msg timestamp="20240119 02:45:48.460" level="DEBUG">Remote response: status=200 | data={"value":{"capabilities":{"platform":"LINUX","webStorageEnabled":false,"takesScreenshot":true,"javascriptEnabled":true,"databaseEnabled":false,"networkConnectionEnabled":true,"locationContextEnabled":false,"warnings":{},"desired":{"platformName":"Android","deviceName":"R58MA2LGQML","appPackage":"com.ricult.ricultagent","appActivity":"com.ricult.MainActivity","automationName":"Uiautomator2","autoGrantPermissions":true},"platformName":"Android","deviceName":"R58MA2LGQML","appPackage":"com.ricult.ricultagent","appActivity":"com.ricult.MainActivity","automationName":"Uiautomator2","autoGrantPermissions":true,"deviceUDID":"R58MA2LGQML","deviceApiLevel":30,"platformVersion":"11","deviceScreenSize":"1080x2400","deviceScreenDensity":420,"deviceModel":"SM-A705FN","deviceManufacturer":"samsung","pixelRatio":2.625,"statBarHeight":76,"viewportRect":{"left":0,"top":76,"width":1080,"height":2122}},"sessionId":"0bb393d8-181c-407f-a8f7-02377b45ffb6"}} | headers=HTTPHeaderDict({'X-Powered-By': 'Express', 'Vary': 'X-HTTP-Method-Override', 'Content-Type': 'application/json; charset=utf-8', 'Content-Length': '949', 'ETag': 'W/"3b5-kgCdK6ygakrvw9cvlACMdm5uRJQ"', 'Date': 'Thu, 18 Jan 2024 21:45:48 GMT', 'Connection': 'keep-alive'})</msg>
<msg timestamp="20240119 02:45:48.460" level="DEBUG">Finished Request</msg>
<msg timestamp="20240119 02:45:48.464" level="DEBUG">Opened application with session id 0bb393d8-181c-407f-a8f7-02377b45ffb6</msg>
<msg timestamp="20240119 02:45:48.464" level="TRACE">Return: 1</msg>
<status status="PASS" starttime="20240119 02:45:33.727" endtime="20240119 02:45:48.464"/>
</kw>
<kw name="Sleep" library="BuiltIn">
<arg>14s</arg>
<doc>Pauses the test executed for the given time.</doc>
<msg timestamp="20240119 02:45:48.464" level="TRACE">Arguments: [ '14s' ]</msg>
<msg timestamp="20240119 02:46:02.464" level="INFO">Slept 14 seconds</msg>
<msg timestamp="20240119 02:46:02.464" level="TRACE">Return: None</msg>
<status status="PASS" starttime="20240119 02:45:48.464" endtime="20240119 02:46:02.464"/>
</kw>
<msg timestamp="20240119 02:46:02.464" level="TRACE">Return: None</msg>
<status status="PASS" starttime="20240119 02:45:33.726" endtime="20240119 02:46:02.464"/>
</kw>
<kw name="I Login My Ricult Application" library="login_keyword">
<msg timestamp="20240119 02:46:02.464" level="TRACE">Arguments: [  ]</msg>
<kw name="Sleep" library="BuiltIn">
<arg>7s</arg>
<doc>Pauses the test executed for the given time.</doc>
<msg timestamp="20240119 02:46:02.464" level="TRACE">Arguments: [ '7s' ]</msg>
<msg timestamp="20240119 02:46:09.464" level="INFO">Slept 7 seconds</msg>
<msg timestamp="20240119 02:46:09.464" level="TRACE">Return: None</msg>
<status status="PASS" starttime="20240119 02:46:02.464" endtime="20240119 02:46:09.464"/>
</kw>
<kw name="Wait Until Page Contains Element" library="AppiumLibrary">
<arg>${Drop_Down_Label}</arg>
<doc>Waits until element specified with `locator` appears on current page.</doc>
<msg timestamp="20240119 02:46:09.464" level="TRACE">Arguments: [ '//android.widget.TextView[contains(@text,"زبان")]' ]</msg>
<msg timestamp="20240119 02:46:09.464" level="DEBUG">POST http://localhost:4723/wd/hub/session/0bb393d8-181c-407f-a8f7-02377b45ffb6/elements {"using": "xpath", "value": "//android.widget.TextView[contains(@text,\"\u0632\u0628\u0627\u0646\")]"}</msg>
<msg timestamp="20240119 02:46:09.887" level="DEBUG">http://localhost:4723 "POST /wd/hub/session/0bb393d8-181c-407f-a8f7-02377b45ffb6/elements HTTP/1.1" 200 0</msg>
<msg timestamp="20240119 02:46:09.887" level="DEBUG">Remote response: status=200 | data={"value":[{"element-6066-11e4-a52e-4f735466cecf":"00000000-0000-114a-ffff-ffff0000002c","ELEMENT":"00000000-0000-114a-ffff-ffff0000002c"},{"element-6066-11e4-a52e-4f735466cecf":"00000000-0000-114a-ffff-ffff0000002d","ELEMENT":"00000000-0000-114a-ffff-ffff0000002d"}]} | headers=HTTPHeaderDict({'X-Powered-By': 'Express', 'Vary': 'X-HTTP-Method-Override', 'Content-Type': 'application/json; charset=utf-8', 'Content-Length': '267', 'ETag': 'W/"10b-ldttShbzhsioktRZsQY9kGeoWbM"', 'Date': 'Thu, 18 Jan 2024 21:46:09 GMT', 'Connection': 'keep-alive'})</msg>
<msg timestamp="20240119 02:46:09.888" level="DEBUG">Finished Request</msg>
<msg timestamp="20240119 02:46:09.888" level="INFO">xpath criteria: //android.widget.TextView[contains(@text,"زبان")]</msg>
<msg timestamp="20240119 02:46:09.888" level="TRACE">Return: None</msg>
<status status="PASS" starttime="20240119 02:46:09.464" endtime="20240119 02:46:09.888"/>
</kw>
<kw name="Click Element" library="AppiumLibrary">
<arg>${Click_Drop_Down}</arg>
<doc>Click element identified by `locator`.</doc>
<msg timestamp="20240119 02:46:09.888" level="TRACE">Arguments: [ '//android.widget.TextView[contains(@text,"اردو")]' ]</msg>
<msg timestamp="20240119 02:46:09.892" level="INFO">Clicking element '//android.widget.TextView[contains(@text,"اردو")]'.</msg>
<msg timestamp="20240119 02:46:09.892" level="DEBUG">POST http://localhost:4723/wd/hub/session/0bb393d8-181c-407f-a8f7-02377b45ffb6/elements {"using": "xpath", "value": "//android.widget.TextView[contains(@text,\"\u0627\u0631\u062f\u0648\")]"}</msg>
<msg timestamp="20240119 02:46:09.951" level="DEBUG">http://localhost:4723 "POST /wd/hub/session/0bb393d8-181c-407f-a8f7-02377b45ffb6/elements HTTP/1.1" 200 0</msg>
<msg timestamp="20240119 02:46:09.951" level="DEBUG">Remote response: status=200 | data={"value":[{"element-6066-11e4-a52e-4f735466cecf":"00000000-0000-114a-ffff-ffff00000030","ELEMENT":"00000000-0000-114a-ffff-ffff00000030"}]} | headers=HTTPHeaderDict({'X-Powered-By': 'Express', 'Vary': 'X-HTTP-Method-Override', 'Content-Type': 'application/json; charset=utf-8', 'Content-Length': '139', 'ETag': 'W/"8b-0wNMQaTQf9Cnw32+ya0N3E7eh1E"', 'Date': 'Thu, 18 Jan 2024 21:46:09 GMT', 'Connection': 'keep-alive'})</msg>
<msg timestamp="20240119 02:46:09.951" level="DEBUG">Finished Request</msg>
<msg timestamp="20240119 02:46:09.951" level="DEBUG">POST http://localhost:4723/wd/hub/session/0bb393d8-181c-407f-a8f7-02377b45ffb6/element/00000000-0000-114a-ffff-ffff00000030/click {"id": "00000000-0000-114a-ffff-ffff00000030"}</msg>
<msg timestamp="20240119 02:46:10.031" level="DEBUG">http://localhost:4723 "POST /wd/hub/session/0bb393d8-181c-407f-a8f7-02377b45ffb6/element/00000000-0000-114a-ffff-ffff00000030/click HTTP/1.1" 200 0</msg>
<msg timestamp="20240119 02:46:10.031" level="DEBUG">Remote response: status=200 | data={"value":null} | headers=HTTPHeaderDict({'X-Powered-By': 'Express', 'Vary': 'X-HTTP-Method-Override', 'Content-Type': 'application/json; charset=utf-8', 'Content-Length': '14', 'ETag': 'W/"e-9/1BuKMgFObM1mWJm+YjxtXJnUM"', 'Date': 'Thu, 18 Jan 2024 21:46:10 GMT', 'Connection': 'keep-alive'})</msg>
<msg timestamp="20240119 02:46:10.031" level="DEBUG">Finished Request</msg>
<msg timestamp="20240119 02:46:10.031" level="INFO">xpath criteria: //android.widget.TextView[contains(@text,"اردو")]</msg>
<msg timestamp="20240119 02:46:10.031" level="TRACE">Return: None</msg>
<status status="PASS" starttime="20240119 02:46:09.888" endtime="20240119 02:46:10.031"/>
</kw>
<kw name="Sleep" library="BuiltIn">
<arg>2s</arg>
<doc>Pauses the test executed for the given time.</doc>
<msg timestamp="20240119 02:46:10.031" level="TRACE">Arguments: [ '2s' ]</msg>
<msg timestamp="20240119 02:46:12.031" level="INFO">Slept 2 seconds</msg>
<msg timestamp="20240119 02:46:12.031" level="TRACE">Return: None</msg>
<status status="PASS" starttime="20240119 02:46:10.031" endtime="20240119 02:46:12.031"/>
</kw>
<kw name="Click Element" library="AppiumLibrary">
<arg>${Select_English}</arg>
<doc>Click element identified by `locator`.</doc>
<msg timestamp="20240119 02:46:12.031" level="TRACE">Arguments: [ '//android.widget.TextView[contains(@text,"English")]' ]</msg>
<msg timestamp="20240119 02:46:12.034" level="INFO">Clicking element '//android.widget.TextView[contains(@text,"English")]'.</msg>
<msg timestamp="20240119 02:46:12.034" level="DEBUG">POST http://localhost:4723/wd/hub/session/0bb393d8-181c-407f-a8f7-02377b45ffb6/elements {"using": "xpath", "value": "//android.widget.TextView[contains(@text,\"English\")]"}</msg>
<msg timestamp="20240119 02:46:12.111" level="DEBUG">http://localhost:4723 "POST /wd/hub/session/0bb393d8-181c-407f-a8f7-02377b45ffb6/elements HTTP/1.1" 200 0</msg>
<msg timestamp="20240119 02:46:12.111" level="DEBUG">Remote response: status=200 | data={"value":[{"element-6066-11e4-a52e-4f735466cecf":"00000000-0000-114a-ffff-ffff00000040","ELEMENT":"00000000-0000-114a-ffff-ffff00000040"}]} | headers=HTTPHeaderDict({'X-Powered-By': 'Express', 'Vary': 'X-HTTP-Method-Override', 'Content-Type': 'application/json; charset=utf-8', 'Content-Length': '139', 'ETag': 'W/"8b-EDBFlYsRywKhij5pi8TvIh3bcC4"', 'Date': 'Thu, 18 Jan 2024 21:46:12 GMT', 'Connection': 'keep-alive'})</msg>
<msg timestamp="20240119 02:46:12.111" level="DEBUG">Finished Request</msg>
<msg timestamp="20240119 02:46:12.111" level="DEBUG">POST http://localhost:4723/wd/hub/session/0bb393d8-181c-407f-a8f7-02377b45ffb6/element/00000000-0000-114a-ffff-ffff00000040/click {"id": "00000000-0000-114a-ffff-ffff00000040"}</msg>
<msg timestamp="20240119 02:46:12.173" level="DEBUG">http://localhost:4723 "POST /wd/hub/session/0bb393d8-181c-407f-a8f7-02377b45ffb6/element/00000000-0000-114a-ffff-ffff00000040/click HTTP/1.1" 200 0</msg>
<msg timestamp="20240119 02:46:12.173" level="DEBUG">Remote response: status=200 | data={"value":null} | headers=HTTPHeaderDict({'X-Powered-By': 'Express', 'Vary': 'X-HTTP-Method-Override', 'Content-Type': 'application/json; charset=utf-8', 'Content-Length': '14', 'ETag': 'W/"e-9/1BuKMgFObM1mWJm+YjxtXJnUM"', 'Date': 'Thu, 18 Jan 2024 21:46:12 GMT', 'Connection': 'keep-alive'})</msg>
<msg timestamp="20240119 02:46:12.173" level="DEBUG">Finished Request</msg>
<msg timestamp="20240119 02:46:12.173" level="INFO">xpath criteria: //android.widget.TextView[contains(@text,"English")]</msg>
<msg timestamp="20240119 02:46:12.173" level="TRACE">Return: None</msg>
<status status="PASS" starttime="20240119 02:46:12.031" endtime="20240119 02:46:12.173"/>
</kw>
<kw name="Wait Until Page Contains" library="AppiumLibrary">
<arg>${Language_Label}</arg>
<doc>Waits until `text` appears on current page.</doc>
<msg timestamp="20240119 02:46:12.174" level="TRACE">Arguments: [ 'Language' ]</msg>
<msg timestamp="20240119 02:46:12.174" level="DEBUG">GET http://localhost:4723/wd/hub/session/0bb393d8-181c-407f-a8f7-02377b45ffb6/source {}</msg>
<msg timestamp="20240119 02:46:12.264" level="DEBUG">http://localhost:4723 "GET /wd/hub/session/0bb393d8-181c-407f-a8f7-02377b45ffb6/source HTTP/1.1" 200 0</msg>
<msg timestamp="20240119 02:46:12.264" level="DEBUG">Remote response: status=200 | data={"sessionId":"0bb393d8-181c-407f-a8f7-02377b45ffb6","value":"&lt;?xml version='1.0' encoding='UTF-8' standalone='yes' ?&gt;\r\n&lt;hierarchy index=\"0\" class=\"hierarchy\" rotation=\"0\" width=\"1080\" height=\"2198\"&gt;\r\n  &lt;android.widget.FrameLayout index=\"0\" package=\"com.ricult.ricultagent\" class=\"android.widget.FrameLayout\" text=\"\" checkable=\"false\" checked=\"false\" clickable=\"false\" enabled=\"true\" focusable=\"false\" focused=\"false\" long-clickable=\"false\" password=\"false\" scrollable=\"false\" selected=\"false\" bounds=\"[0,0][1080,2198]\" displayed=\"true\"&gt;\r\n    &lt;android.widget.LinearLayout index=\"0\" package=\"com.ricult.ricultagent\" class=\"android.widget.LinearLayout\" text=\"\" checkable=\"false\" checked=\"false\" clickable=\"false\" enabled=\"true\" focusable=\"false\" focused=\"false\" long-clickable=\"false\" password=\"false\" scrollable=\"false\" selected=\"false\" bounds=\"[0,0][1080,2198]\" displayed=\"true\"&gt;\r\n      &lt;android.widget.FrameLayout index=\"0\" package=\"com.ricult.ricultagent\" class=\"android.widget.FrameLayout\" text=\"\" checkable=\"false\" checked=\"false\" clickable=\"false\" enabled=\"true\" focusable=\"false\" focused=\"false\" long-clickable=\"false\" password=\"false\" scrollable=\"false\" selected=\"false\" bounds=\"[0,76][1080,2198]\" displayed=\"true\"&gt;\r\n        &lt;android.widget.LinearLayout index=\"0\" package=\"com.ricult.ricultagent\" class=\"android.widget.LinearLayout\" text=\"\" resource-id=\"com.ricult.ricultagent:id/action_bar_root\" checkable=\"false\" checked=\"false\" clickable=\"false\" enabled=\"true\" focusable=\"false\" focused=\"false\" long-clickable=\"false\" password=\"false\" scrollable=\"false\" selected=\"false\" bounds=\"[0,76][1080,2198]\" displayed=\"true\"&gt;\r\n          &lt;android.widget.FrameLayout index=\"0\" package=\"com.ricult.ricultagent\" class=\"android.widget.FrameLayout\" text=\"\" resource-id=\"android:id/content\" checkable=\"false\" checked=\"false\" clickable=\"false\" enabled=\"true\" focusable=\"false\" focused=\"false\" long-clickable=\"false\" password=\"false\" scrollable=\"false\" selected=\"false\" bounds=\"[0,76][1080,2198]\" displayed=\"true\"&gt;\r\n            &lt;android.widget.FrameLayout index=\"0\" package=\"com.ricult.ricultagent\" class=\"android.widget.FrameLayout\" text=\"\" checkable=\"false\" checked=\"false\" clickable=\"false\" enabled=\"true\" focusable=\"false\" focused=\"false\" long-clickable=\"false\" password=\"false\" scrollable=\"false\" selected=\"false\" bounds=\"[0,76][1080,2198]\" displayed=\"true\"&gt;\r\n              &lt;android.view.ViewGroup index=\"0\" package=\"com.ricult.ricultagent\" class=\"android.view.ViewGroup\" text=\"\" checkable=\"false\" checked=\"false\" clickable=\"false\" enabled=\"true\" focusable=\"false\" focused=\"false\" long-clickable=\"false\" password=\"false\" scrollable=\"false\" selected=\"false\" bounds=\"[0,76][1080,2198]\" displayed=\"true\"&gt;\r\n                &lt;android.view.ViewGroup index=\"1\" package=\"com.ricult.ricultagent\" class=\"android.view.ViewGroup\" text=\"\" checkable=\"false\" checked=\"false\" clickable=\"false\" enabled=\"true\" focusable=\"false\" focused=\"false\" long-clickable=\"false\" password=\"false\" scrollable=\"false\" selected=\"false\" bounds=\"[0,76][1080,2198]\" displayed=\"true\"&gt;\r\n                  &lt;android.view.ViewGroup index=\"0\" package=\"com.ricult.ricultagent\" class=\"android.view.ViewGroup\" text=\"\" checkable=\"false\" checked=\"false\" clickable=\"false\" enabled=\"true\" focusable=\"false\" focused=\"false\" long-clickable=\"false\" password=\"false\" scrollable=\"false\" selected=\"false\" bounds=\"[0,76][1080,2198]\" displayed=\"true\"&gt;\r\n                    &lt;android.view.ViewGroup index=\"0\" package=\"com.ricult.ricultagent\" class=\"android.view.ViewGroup\" text=\"\" checkable=\"false\" checked=\"false\" clickable=\"false\" enabled=\"true\" focusable=\"false\" focused=\"false\" long-clickable=\"false\" password=\"false\" scrollable=\"false\" selected=\"false\" bounds=\"[0,76][1080,2198]\" displayed=\"true\"&gt;\r\n                      &lt;android.view.ViewGroup index=\"1\" package=\"com.ricult.ricultagent\" class=\"android.view.ViewGroup\" text=\"\" checkable=\"false\" checked=\"false\" clickable=\"false\" enabled=\"true\" focusable=\"false\" focused=\"false\" long-clickable=\"false\" password=\"false\" scrollable=\"false\" selected=\"false\" bounds=\"[0,76][1080,2198]\" displayed=\"true\"&gt;\r\n                        &lt;android.view.ViewGroup index=\"0\" package=\"com.ricult.ricultagent\" class=\"android.view.ViewGroup\" text=\"\" checkable=\"false\" checked=\"false\" clickable=\"false\" enabled=\"true\" focusable=\"false\" focused=\"false\" long-clickable=\"false\" password=\"false\" scrollable=\"false\" selected=\"false\" bounds=\"[0,76][1080,2198]\" displayed=\"true\"&gt;\r\n                          &lt;android.view.ViewGroup index=\"0\" package=\"com.ricult.ricultagent\" class=\"android.view.ViewGroup\" text=\"\" checkable=\"false\" checked=\"false\" clickable=\"false\" enabled=\"true\" focusable=\"false\" focused=\"false\" long-clickable=\"false\" password=\"false\" scrollable=\"false\" selected=\"false\" bounds=\"[0,76][1080,2198]\" displayed=\"true\"&gt;\r\n                            &lt;android.view.ViewGroup index=\"0\" package=\"com.ricult.ricultagent\" class=\"android.view.ViewGroup\" text=\"\" checkable=\"false\" checked=\"false\" clickable=\"false\" enabled=\"true\" focusable=\"false\" focused=\"false\" long-clickable=\"false\" password=\"false\" scrollable=\"false\" selected=\"false\" bounds=\"[0,76][1080,2198]\" displayed=\"true\"&gt;\r\n                              &lt;android.view.ViewGroup index=\"1\" package=\"com.ricult.ricultagent\" class=\"android.view.ViewGroup\" text=\"\" checkable=\"false\" checked=\"false\" clickable=\"false\" enabled=\"true\" focusable=\"false\" focused=\"false\" long-clickable=\"false\" password=\"false\" scrollable=\"false\" selected=\"false\" bounds=\"[372,139][708,265]\" displayed=\"true\"&gt;\r\n                                &lt;android.view.ViewGroup index=\"0\" package=\"com.ricult.ricultagent\" class=\"android.view.ViewGroup\" text=\"\" checkable=\"false\" checked=\"false\" clickable=\"false\" enabled=\"true\" focusable=\"false\" focused=\"false\" long-clickable=\"false\" password=\"false\" scrollable=\"false\" selected=\"false\" bounds=\"[372,139][708,265]\" displayed=\"true\" /&gt;\r\n                              &lt;/android.view.ViewGroup&gt;\r\n                              &lt;android.widget.TextView index=\"3\" package=\"com.ricult.ricultagent\" class=\"android.widget.TextView\" text=\"اپنی زبان منتخب کریں\" checkable=\"false\" checked=\"false\" clickable=\"false\" enabled=\"true\" focusable=\"false\" focused=\"false\" long-clickable=\"false\" password=\"false\" scrollable=\"false\" selected=\"false\" bounds=\"[343,941][737,1015]\" displayed=\"true\" /&gt;\r\n                              &lt;android.widget.TextView index=\"4\" package=\"com.ricult.ricultagent\" class=\"android.widget.TextView\" text=\"زبان\" checkable=\"false\" checked=\"false\" clickable=\"false\" enabled=\"true\" focusable=\"false\" focused=\"false\" long-clickable=\"false\" password=\"false\" scrollable=\"false\" selected=\"false\" bounds=\"[63,1691][1017,1744]\" displayed=\"true\" /&gt;\r\n                              &lt;android.view.ViewGroup index=\"5\" package=\"com.ricult.ricultagent\" class=\"android.view.ViewGroup\" text=\"\" checkable=\"false\" checked=\"false\" clickable=\"false\" enabled=\"true\" focusable=\"false\" focused=\"false\" long-clickable=\"false\" password=\"false\" scrollable=\"false\" selected=\"false\" bounds=\"[63,1744][1017,2043]\" displayed=\"true\"&gt;\r\n                                &lt;android.view.ViewGroup index=\"0\" package=\"com.ricult.ricultagent\" class=\"android.view.ViewGroup\" text=\"\" checkable=\"false\" checked=\"false\" clickable=\"true\" enabled=\"true\" focusable=\"true\" focused=\"false\" long-clickable=\"false\" password=\"false\" scrollable=\"false\" selected=\"false\" bounds=\"[63,1744][1017,1854]\" displayed=\"true\"&gt;\r\n                                  &lt;android.widget.TextView index=\"0\" package=\"com.ricult.ricultagent\" class=\"android.widget.TextView\" text=\"اردو\" checkable=\"false\" checked=\"false\" clickable=\"false\" enabled=\"true\" focusable=\"false\" focused=\"false\" long-clickable=\"false\" password=\"false\" scrollable=\"false\" selected=\"false\" bounds=\"[66,1773][1014,1826]\" displayed=\"true\" /&gt;\r\n                                  &lt;android.view.ViewGroup index=\"1\" package=\"com.ricult.ricultagent\" class=\"android.view.ViewGroup\" text=\"\" checkable=\"false\" checked=\"false\" clickable=\"false\" enabled=\"true\" focusable=\"false\" focused=\"false\" long-clickable=\"false\" password=\"false\" scrollable=\"false\" selected=\"false\" bounds=\"[98,1747][130,1852]\" displayed=\"true\"&gt;\r\n                                    &lt;android.view.ViewGroup index=\"0\" package=\"com.ricult.ricultagent\" class=\"android.view.ViewGroup\" text=\"\" checkable=\"false\" checked=\"false\" clickable=\"false\" enabled=\"true\" focusable=\"false\" focused=\"false\" long-clickable=\"false\" password=\"false\" scrollable=\"false\" selected=\"false\" bounds=\"[98,1747][130,1852]\" displayed=\"true\" /&gt;\r\n                                  &lt;/android.view.ViewGroup&gt;\r\n                                &lt;/android.view.ViewGroup&gt;\r\n                                &lt;android.view.ViewGroup index=\"1\" package=\"com.ricult.ricultagent\" class=\"android.view.ViewGroup\" text=\"\" checkable=\"false\" checked=\"false\" clickable=\"false\" enabled=\"true\" focusable=\"false\" focused=\"false\" long-clickable=\"false\" password=\"false\" scrollable=\"false\" selected=\"false\" bounds=\"[63,1854][1017,2043]\" displayed=\"true\"&gt;\r\n                                  &lt;android.widget.ScrollView index=\"0\" package=\"com.ricult.ricultagent\" class=\"android.widget.ScrollView\" text=\"\" checkable=\"false\" checked=\"false\" clickable=\"false\" enabled=\"true\" focusable=\"true\" focused=\"false\" long-clickable=\"false\" password=\"false\" scrollable=\"true\" selected=\"false\" bounds=\"[66,1857][1014,2040]\" displayed=\"true\"&gt;\r\n                                    &lt;android.view.ViewGroup index=\"0\" package=\"com.ricult.ricultagent\" class=\"android.view.ViewGroup\" text=\"\" checkable=\"false\" checked=\"false\" clickable=\"false\" enabled=\"true\" focusable=\"false\" focused=\"false\" long-clickable=\"false\" password=\"false\" scrollable=\"false\" selected=\"false\" bounds=\"[66,1857][1014,2040]\" displayed=\"true\"&gt;\r\n                                      &lt;android.view.ViewGroup index=\"0\" package=\"com.ricult.ricultagent\" class=\"android.view.ViewGroup\" text=\"\" checkable=\"false\" checked=\"false\" clickable=\"false\" enabled=\"true\" focusable=\"false\" focused=\"false\" long-clickable=\"false\" password=\"false\" scrollable=\"false\" selected=\"false\" bounds=\"[66,1857][1014,1949]\" displayed=\"true\"&gt;\r\n                                        &lt;android.view.ViewGroup index=\"0\" package=\"com.ricult.ricultagent\" class=\"android.view.ViewGroup\" text=\"\" checkable=\"false\" checked=\"false\" clickable=\"true\" enabled=\"true\" focusable=\"true\" focused=\"false\" long-clickable=\"false\" password=\"false\" scrollable=\"false\" selected=\"false\" bounds=\"[66,1857][1014,1949]\" displayed=\"true\"&gt;\r\n                                          &lt;android.widget.TextView index=\"0\" package=\"com.ricult.ricultagent\" class=\"android.widget.TextView\" text=\"English\" checkable=\"false\" checked=\"false\" clickable=\"false\" enabled=\"true\" focusable=\"false\" focused=\"false\" long-clickable=\"false\" password=\"false\" scrollable=\"false\" selected=\"false\" bounds=\"[66,1876][1014,1929]\" displayed=\"true\" /&gt;\r\n                                        &lt;/android.view.ViewGroup&gt;\r\n                                      &lt;/android.view.ViewGroup&gt;\r\n                                      &lt;android.view.ViewGroup index=\"1\" package=\"com.ricult.ricultagent\" class=\"android.view.ViewGroup\" text=\"\" checkable=\"false\" checked=\"false\" clickable=\"false\" enabled=\"true\" focusable=\"false\" focused=\"false\" long-clickable=\"false\" password=\"false\" scrollable=\"false\" selected=\"false\" bounds=\"[66,1949][1014,2040]\" displayed=\"true\"&gt;\r\n                                        &lt;android.view.ViewGroup index=\"0\" package=\"com.ricult.ricultagent\" class=\"android.view.ViewGroup\" text=\"\" checkable=\"false\" checked=\"false\" clickable=\"true\" enabled=\"true\" focusable=\"true\" focused=\"false\" long-clickable=\"false\" password=\"false\" scrollable=\"false\" selected=\"false\" bounds=\"[66,1949][1014,2040]\" displayed=\"true\"&gt;\r\n                                          &lt;android.widget.TextView index=\"0\" package=\"com.ricult.ricultagent\" class=\"android.widget.TextView\" text=\"اردو\" checkable=\"false\" checked=\"false\" clickable=\"false\" enabled=\"true\" focusable=\"false\" focused=\"false\" long-clickable=\"false\" password=\"false\" scrollable=\"false\" selected=\"false\" bounds=\"[66,1968][1014,2021]\" displayed=\"true\" /&gt;\r\n                                          &lt;android.view.ViewGroup index=\"1\" package=\"com.ricult.ricultagent\" class=\"android.view.ViewGroup\" text=\"\" checkable=\"false\" checked=\"false\" clickable=\"false\" enabled=\"true\" focusable=\"false\" focused=\"false\" long-clickable=\"false\" password=\"false\" scrollable=\"false\" selected=\"false\" bounds=\"[98,1949][130,2040]\" displayed=\"true\"&gt;\r\n                                            &lt;android.view.ViewGroup index=\"0\" package=\"com.ricult.ricultagent\" class=\"android.view.ViewGroup\" text=\"\" checkable=\"false\" checked=\"false\" clickable=\"false\" enabled=\"true\" focusable=\"false\" focused=\"false\" long-clickable=\"false\" password=\"false\" scrollable=\"false\" selected=\"false\" bounds=\"[98,1949][130,2040]\" displayed=\"true\" /&gt;\r\n                                          &lt;/android.view.ViewGroup&gt;\r\n                                        &lt;/android.view.ViewGroup&gt;\r\n                                      &lt;/android.view.ViewGroup&gt;\r\n                                    &lt;/android.view.ViewGroup&gt;\r\n                                  &lt;/android.widget.ScrollView&gt;\r\n                                &lt;/android.view.ViewGroup&gt;\r\n                              &lt;/android.view.ViewGroup&gt;\r\n                              &lt;android.view.ViewGroup index=\"6\" package=\"com.ricult.ricultagent\" class=\"android.view.ViewGroup\" text=\"\" checkable=\"false\" checked=\"false\" clickable=\"true\" enabled=\"true\" focusable=\"true\" focused=\"false\" long-clickable=\"false\" password=\"false\" scrollable=\"false\" selected=\"false\" bounds=\"[63,2075][1017,2198]\" displayed=\"true\"&gt;\r\n                                &lt;android.widget.TextView index=\"0\" package=\"com.ricult.ricultagent\" class=\"android.widget.TextView\" text=\"آگے\" checkable=\"false\" checked=\"false\" clickable=\"false\" enabled=\"true\" focusable=\"false\" focused=\"false\" long-clickable=\"false\" password=\"false\" scrollable=\"false\" selected=\"false\" bounds=\"[513,2106][568,2180]\" displayed=\"true\" /&gt;\r\n                              &lt;/android.view.ViewGroup&gt;\r\n                            &lt;/android.view.ViewGroup&gt;\r\n                          &lt;/android.view.ViewGroup&gt;\r\n                        &lt;/android.view.ViewGroup&gt;\r\n                      &lt;/android.view.ViewGroup&gt;\r\n                    &lt;/android.view.ViewGroup&gt;\r\n                  &lt;/android.view.ViewGroup&gt;\r\n                &lt;/android.view.ViewGroup&gt;\r\n              &lt;/android.view.ViewGroup&gt;\r\n            &lt;/android.widget.FrameLayout&gt;\r\n          &lt;/android.widget.FrameLayout&gt;\r\n        &lt;/android.widget.LinearLayout&gt;\r\n      &lt;/android.widget.FrameLayout&gt;\r\n    &lt;/android.widget.LinearLayout&gt;\r\n  &lt;/android.widget.FrameLayout&gt;\r\n&lt;/hierarchy&gt;"} | headers=HTTPHeaderDict({'X-Powered-By': 'Express', 'Content-Type': 'application/json; charset=utf-8', 'Content-Length': '16062', 'ETag': 'W/"3ebe-HKPFtkdqKVlGNtHGRGZn/guxdyQ"', 'Date': 'Thu, 18 Jan 2024 21:46:12 GMT', 'Connection': 'keep-alive'})</msg>
<msg timestamp="20240119 02:46:12.265" level="DEBUG">Finished Request</msg>
<msg timestamp="20240119 02:46:12.466" level="DEBUG">GET http://localhost:4723/wd/hub/session/0bb393d8-181c-407f-a8f7-02377b45ffb6/source {}</msg>
<msg timestamp="20240119 02:46:13.888" level="DEBUG">http://localhost:4723 "GET /wd/hub/session/0bb393d8-181c-407f-a8f7-02377b45ffb6/source HTTP/1.1" 200 0</msg>
<msg timestamp="20240119 02:46:13.888" level="DEBUG">Remote response: status=200 | data={"sessionId":"0bb393d8-181c-407f-a8f7-02377b45ffb6","value":"&lt;?xml version='1.0' encoding='UTF-8' standalone='yes' ?&gt;\r\n&lt;hierarchy index=\"0\" class=\"hierarchy\" rotation=\"0\" width=\"1080\" height=\"2198\"&gt;\r\n  &lt;android.widget.FrameLayout index=\"0\" package=\"com.ricult.ricultagent\" class=\"android.widget.FrameLayout\" text=\"\" checkable=\"false\" checked=\"false\" clickable=\"false\" enabled=\"true\" focusable=\"false\" focused=\"false\" long-clickable=\"false\" password=\"false\" scrollable=\"false\" selected=\"false\" bounds=\"[0,0][1080,2198]\" displayed=\"true\"&gt;\r\n    &lt;android.widget.LinearLayout index=\"0\" package=\"com.ricult.ricultagent\" class=\"android.widget.LinearLayout\" text=\"\" checkable=\"false\" checked=\"false\" clickable=\"false\" enabled=\"true\" focusable=\"false\" focused=\"false\" long-clickable=\"false\" password=\"false\" scrollable=\"false\" selected=\"false\" bounds=\"[0,0][1080,2198]\" displayed=\"true\"&gt;\r\n      &lt;android.widget.FrameLayout index=\"0\" package=\"com.ricult.ricultagent\" class=\"android.widget.FrameLayout\" text=\"\" checkable=\"false\" checked=\"false\" clickable=\"false\" enabled=\"true\" focusable=\"false\" focused=\"false\" long-clickable=\"false\" password=\"false\" scrollable=\"false\" selected=\"false\" bounds=\"[0,76][1080,2198]\" displayed=\"true\"&gt;\r\n        &lt;android.widget.LinearLayout index=\"0\" package=\"com.ricult.ricultagent\" class=\"android.widget.LinearLayout\" text=\"\" resource-id=\"com.ricult.ricultagent:id/action_bar_root\" checkable=\"false\" checked=\"false\" clickable=\"false\" enabled=\"true\" focusable=\"false\" focused=\"false\" long-clickable=\"false\" password=\"false\" scrollable=\"false\" selected=\"false\" bounds=\"[0,76][1080,2198]\" displayed=\"true\"&gt;\r\n          &lt;android.widget.FrameLayout index=\"0\" package=\"com.ricult.ricultagent\" class=\"android.widget.FrameLayout\" text=\"\" resource-id=\"android:id/content\" checkable=\"false\" checked=\"false\" clickable=\"false\" enabled=\"true\" focusable=\"false\" focused=\"false\" long-clickable=\"false\" password=\"false\" scrollable=\"false\" selected=\"false\" bounds=\"[0,76][1080,2198]\" displayed=\"true\"&gt;\r\n            &lt;android.widget.FrameLayout index=\"0\" package=\"com.ricult.ricultagent\" class=\"android.widget.FrameLayout\" text=\"\" checkable=\"false\" checked=\"false\" clickable=\"false\" enabled=\"true\" focusable=\"false\" focused=\"false\" long-clickable=\"false\" password=\"false\" scrollable=\"false\" selected=\"false\" bounds=\"[0,76][1080,2198]\" displayed=\"true\"&gt;\r\n              &lt;android.view.ViewGroup index=\"0\" package=\"com.ricult.ricultagent\" class=\"android.view.ViewGroup\" text=\"\" checkable=\"false\" checked=\"false\" clickable=\"false\" enabled=\"true\" focusable=\"false\" focused=\"false\" long-clickable=\"false\" password=\"false\" scrollable=\"false\" selected=\"false\" bounds=\"[0,76][1080,2198]\" displayed=\"true\"&gt;\r\n                &lt;android.view.ViewGroup index=\"1\" package=\"com.ricult.ricultagent\" class=\"android.view.ViewGroup\" text=\"\" checkable=\"false\" checked=\"false\" clickable=\"false\" enabled=\"true\" focusable=\"false\" focused=\"false\" long-clickable=\"false\" password=\"false\" scrollable=\"false\" selected=\"false\" bounds=\"[0,76][1080,2198]\" displayed=\"true\"&gt;\r\n                  &lt;android.view.ViewGroup index=\"0\" package=\"com.ricult.ricultagent\" class=\"android.view.ViewGroup\" text=\"\" checkable=\"false\" checked=\"false\" clickable=\"false\" enabled=\"true\" focusable=\"false\" focused=\"false\" long-clickable=\"false\" password=\"false\" scrollable=\"false\" selected=\"false\" bounds=\"[0,76][1080,2198]\" displayed=\"true\"&gt;\r\n                    &lt;android.view.ViewGroup index=\"0\" package=\"com.ricult.ricultagent\" class=\"android.view.ViewGroup\" text=\"\" checkable=\"false\" checked=\"false\" clickable=\"false\" enabled=\"true\" focusable=\"false\" focused=\"false\" long-clickable=\"false\" password=\"false\" scrollable=\"false\" selected=\"false\" bounds=\"[0,76][1080,2198]\" displayed=\"true\"&gt;\r\n                      &lt;android.view.ViewGroup index=\"1\" package=\"com.ricult.ricultagent\" class=\"android.view.ViewGroup\" text=\"\" checkable=\"false\" checked=\"false\" clickable=\"false\" enabled=\"true\" focusable=\"false\" focused=\"false\" long-clickable=\"false\" password=\"false\" scrollable=\"false\" selected=\"false\" bounds=\"[0,76][1080,2198]\" displayed=\"true\"&gt;\r\n                        &lt;android.view.ViewGroup index=\"0\" package=\"com.ricult.ricultagent\" class=\"android.view.ViewGroup\" text=\"\" checkable=\"false\" checked=\"false\" clickable=\"false\" enabled=\"true\" focusable=\"false\" focused=\"false\" long-clickable=\"false\" password=\"false\" scrollable=\"false\" selected=\"false\" bounds=\"[0,76][1080,2198]\" displayed=\"true\"&gt;\r\n                          &lt;android.view.ViewGroup index=\"0\" package=\"com.ricult.ricultagent\" class=\"android.view.ViewGroup\" text=\"\" checkable=\"false\" checked=\"false\" clickable=\"false\" enabled=\"true\" focusable=\"false\" focused=\"false\" long-clickable=\"false\" password=\"false\" scrollable=\"false\" selected=\"false\" bounds=\"[0,76][1080,2198]\" displayed=\"true\"&gt;\r\n                            &lt;android.view.ViewGroup index=\"0\" package=\"com.ricult.ricultagent\" class=\"android.view.ViewGroup\" text=\"\" checkable=\"false\" checked=\"false\" clickable=\"false\" enabled=\"true\" focusable=\"false\" focused=\"false\" long-clickable=\"false\" password=\"false\" scrollable=\"false\" selected=\"false\" bounds=\"[0,76][1080,2198]\" displayed=\"true\"&gt;\r\n                              &lt;android.view.ViewGroup index=\"1\" package=\"com.ricult.ricultagent\" class=\"android.view.ViewGroup\" text=\"\" checkable=\"false\" checked=\"false\" clickable=\"false\" enabled=\"true\" focusable=\"false\" focused=\"false\" long-clickable=\"false\" password=\"false\" scrollable=\"false\" selected=\"false\" bounds=\"[372,139][708,265]\" displayed=\"true\"&gt;\r\n                                &lt;android.view.ViewGroup index=\"0\" package=\"com.ricult.ricultagent\" class=\"android.view.ViewGroup\" text=\"\" checkable=\"false\" checked=\"false\" clickable=\"false\" enabled=\"true\" focusable=\"false\" focused=\"false\" long-clickable=\"false\" password=\"false\" scrollable=\"false\" selected=\"false\" bounds=\"[372,139][708,265]\" displayed=\"true\" /&gt;\r\n                              &lt;/android.view.ViewGroup&gt;\r\n                              &lt;android.widget.TextView index=\"3\" package=\"com.ricult.ricultagent\" class=\"android.widget.TextView\" text=\"Select your language\" checkable=\"false\" checked=\"false\" clickable=\"false\" enabled=\"true\" focusable=\"false\" focused=\"false\" long-clickable=\"false\" password=\"false\" scrollable=\"false\" selected=\"false\" bounds=\"[292,1035][788,1109]\" displayed=\"true\" /&gt;\r\n                              &lt;android.widget.TextView index=\"4\" package=\"com.ricult.ricultagent\" class=\"android.widget.TextView\" text=\"Language\" checkable=\"false\" checked=\"false\" clickable=\"false\" enabled=\"true\" focusable=\"false\" focused=\"false\" long-clickable=\"false\" password=\"false\" scrollable=\"false\" selected=\"false\" bounds=\"[63,1880][1017,1933]\" displayed=\"true\" /&gt;\r\n                              &lt;android.view.ViewGroup index=\"5\" package=\"com.ricult.ricultagent\" class=\"android.view.ViewGroup\" text=\"\" checkable=\"false\" checked=\"false\" clickable=\"false\" enabled=\"true\" focusable=\"false\" focused=\"false\" long-clickable=\"false\" password=\"false\" scrollable=\"false\" selected=\"false\" bounds=\"[63,1933][1017,2043]\" displayed=\"true\"&gt;\r\n                                &lt;android.view.ViewGroup index=\"1\" package=\"com.ricult.ricultagent\" class=\"android.view.ViewGroup\" text=\"\" checkable=\"false\" checked=\"false\" clickable=\"true\" enabled=\"true\" focusable=\"true\" focused=\"false\" long-clickable=\"false\" password=\"false\" scrollable=\"false\" selected=\"false\" bounds=\"[63,1933][1017,2043]\" displayed=\"true\"&gt;\r\n                                  &lt;android.widget.TextView index=\"0\" package=\"com.ricult.ricultagent\" class=\"android.widget.TextView\" text=\"English\" checkable=\"false\" checked=\"false\" clickable=\"false\" enabled=\"true\" focusable=\"false\" focused=\"false\" long-clickable=\"false\" password=\"false\" scrollable=\"false\" selected=\"false\" bounds=\"[66,1962][1014,2015]\" displayed=\"true\" /&gt;\r\n                                  &lt;android.view.ViewGroup index=\"1\" package=\"com.ricult.ricultagent\" class=\"android.view.ViewGroup\" text=\"\" checkable=\"false\" checked=\"false\" clickable=\"false\" enabled=\"true\" focusable=\"false\" focused=\"false\" long-clickable=\"false\" password=\"false\" scrollable=\"false\" selected=\"false\" bounds=\"[952,1936][984,2041]\" displayed=\"true\"&gt;\r\n                                    &lt;android.view.ViewGroup index=\"0\" package=\"com.ricult.ricultagent\" class=\"android.view.ViewGroup\" text=\"\" checkable=\"false\" checked=\"false\" clickable=\"false\" enabled=\"true\" focusable=\"false\" focused=\"false\" long-clickable=\"false\" password=\"false\" scrollable=\"false\" selected=\"false\" bounds=\"[952,1936][984,2041]\" displayed=\"true\" /&gt;\r\n                                  &lt;/android.view.ViewGroup&gt;\r\n                                &lt;/android.view.ViewGroup&gt;\r\n                              &lt;/android.view.ViewGroup&gt;\r\n                              &lt;android.view.ViewGroup index=\"6\" package=\"com.ricult.ricultagent\" class=\"android.view.ViewGroup\" text=\"\" checkable=\"false\" checked=\"false\" clickable=\"true\" enabled=\"true\" focusable=\"true\" focused=\"false\" long-clickable=\"false\" password=\"false\" scrollable=\"false\" selected=\"false\" bounds=\"[63,2075][1017,2198]\" displayed=\"true\"&gt;\r\n                                &lt;android.widget.TextView index=\"0\" package=\"com.ricult.ricultagent\" class=\"android.widget.TextView\" text=\"Next\" checkable=\"false\" checked=\"false\" clickable=\"false\" enabled=\"true\" focusable=\"false\" focused=\"false\" long-clickable=\"false\" password=\"false\" scrollable=\"false\" selected=\"false\" bounds=\"[490,2106][590,2180]\" displayed=\"true\" /&gt;\r\n                              &lt;/android.view.ViewGroup&gt;\r\n                            &lt;/android.view.ViewGroup&gt;\r\n                          &lt;/android.view.ViewGroup&gt;\r\n                        &lt;/android.view.ViewGroup&gt;\r\n                      &lt;/android.view.ViewGroup&gt;\r\n                    &lt;/android.view.ViewGroup&gt;\r\n                  &lt;/android.view.ViewGroup&gt;\r\n                &lt;/android.view.ViewGroup&gt;\r\n              &lt;/android.view.ViewGroup&gt;\r\n            &lt;/android.widget.FrameLayout&gt;\r\n          &lt;/android.widget.FrameLayout&gt;\r\n        &lt;/android.widget.LinearLayout&gt;\r\n      &lt;/android.widget.FrameLayout&gt;\r\n    &lt;/android.widget.LinearLayout&gt;\r\n  &lt;/android.widget.FrameLayout&gt;\r\n&lt;/hierarchy&gt;"} | headers=HTTPHeaderDict({'X-Powered-By': 'Express', 'Content-Type': 'application/json; charset=utf-8', 'Content-Length': '11033', 'ETag': 'W/"2b19-RCMNEITBCa5ZRXa52u2mEFd78MM"', 'Date': 'Thu, 18 Jan 2024 21:46:13 GMT', 'Connection': 'keep-alive'})</msg>
<msg timestamp="20240119 02:46:13.888" level="DEBUG">Finished Request</msg>
<msg timestamp="20240119 02:46:13.888" level="TRACE">Return: None</msg>
<status status="PASS" starttime="20240119 02:46:12.173" endtime="20240119 02:46:13.888"/>
</kw>
<kw name="Click Element" library="AppiumLibrary">
<arg>${Press_Next_Button}</arg>
<doc>Click element identified by `locator`.</doc>
<msg timestamp="20240119 02:46:13.889" level="TRACE">Arguments: [ '//android.widget.TextView[contains(@text,"Next")]' ]</msg>
<msg timestamp="20240119 02:46:13.892" level="INFO">Clicking element '//android.widget.TextView[contains(@text,"Next")]'.</msg>
<msg timestamp="20240119 02:46:13.892" level="DEBUG">POST http://localhost:4723/wd/hub/session/0bb393d8-181c-407f-a8f7-02377b45ffb6/elements {"using": "xpath", "value": "//android.widget.TextView[contains(@text,\"Next\")]"}</msg>
<msg timestamp="20240119 02:46:14.016" level="DEBUG">http://localhost:4723 "POST /wd/hub/session/0bb393d8-181c-407f-a8f7-02377b45ffb6/elements HTTP/1.1" 200 0</msg>
<msg timestamp="20240119 02:46:14.016" level="DEBUG">Remote response: status=200 | data={"value":[{"element-6066-11e4-a52e-4f735466cecf":"00000000-0000-114a-ffff-ffff00000070","ELEMENT":"00000000-0000-114a-ffff-ffff00000070"}]} | headers=HTTPHeaderDict({'X-Powered-By': 'Express', 'Vary': 'X-HTTP-Method-Override', 'Content-Type': 'application/json; charset=utf-8', 'Content-Length': '139', 'ETag': 'W/"8b-6BXRcYmPGcv8b9HSQy4ko5wbaiw"', 'Date': 'Thu, 18 Jan 2024 21:46:14 GMT', 'Connection': 'keep-alive'})</msg>
<msg timestamp="20240119 02:46:14.016" level="DEBUG">Finished Request</msg>
<msg timestamp="20240119 02:46:14.016" level="DEBUG">POST http://localhost:4723/wd/hub/session/0bb393d8-181c-407f-a8f7-02377b45ffb6/element/00000000-0000-114a-ffff-ffff00000070/click {"id": "00000000-0000-114a-ffff-ffff00000070"}</msg>
<msg timestamp="20240119 02:46:14.112" level="DEBUG">http://localhost:4723 "POST /wd/hub/session/0bb393d8-181c-407f-a8f7-02377b45ffb6/element/00000000-0000-114a-ffff-ffff00000070/click HTTP/1.1" 200 0</msg>
<msg timestamp="20240119 02:46:14.112" level="DEBUG">Remote response: status=200 | data={"value":null} | headers=HTTPHeaderDict({'X-Powered-By': 'Express', 'Vary': 'X-HTTP-Method-Override', 'Content-Type': 'application/json; charset=utf-8', 'Content-Length': '14', 'ETag': 'W/"e-9/1BuKMgFObM1mWJm+YjxtXJnUM"', 'Date': 'Thu, 18 Jan 2024 21:46:14 GMT', 'Connection': 'keep-alive'})</msg>
<msg timestamp="20240119 02:46:14.112" level="DEBUG">Finished Request</msg>
<msg timestamp="20240119 02:46:14.113" level="INFO">xpath criteria: //android.widget.TextView[contains(@text,"Next")]</msg>
<msg timestamp="20240119 02:46:14.113" level="TRACE">Return: None</msg>
<status status="PASS" starttime="20240119 02:46:13.888" endtime="20240119 02:46:14.113"/>
</kw>
<kw name="Sleep" library="BuiltIn">
<arg>1s</arg>
<doc>Pauses the test executed for the given time.</doc>
<msg timestamp="20240119 02:46:14.113" level="TRACE">Arguments: [ '1s' ]</msg>
<msg timestamp="20240119 02:46:15.113" level="INFO">Slept 1 second</msg>
<msg timestamp="20240119 02:46:15.113" level="TRACE">Return: None</msg>
<status status="PASS" starttime="20240119 02:46:14.113" endtime="20240119 02:46:15.113"/>
</kw>
<kw name="Click Element" library="AppiumLibrary">
<arg>${Press_Continue_Button}</arg>
<doc>Click element identified by `locator`.</doc>
<msg timestamp="20240119 02:46:15.113" level="TRACE">Arguments: [ '//android.widget.TextView[contains(@text,"Continue")]' ]</msg>
<msg timestamp="20240119 02:46:15.116" level="INFO">Clicking element '//android.widget.TextView[contains(@text,"Continue")]'.</msg>
<msg timestamp="20240119 02:46:15.116" level="DEBUG">POST http://localhost:4723/wd/hub/session/0bb393d8-181c-407f-a8f7-02377b45ffb6/elements {"using": "xpath", "value": "//android.widget.TextView[contains(@text,\"Continue\")]"}</msg>
<msg timestamp="20240119 02:46:15.334" level="DEBUG">http://localhost:4723 "POST /wd/hub/session/0bb393d8-181c-407f-a8f7-02377b45ffb6/elements HTTP/1.1" 200 0</msg>
<msg timestamp="20240119 02:46:15.334" level="DEBUG">Remote response: status=200 | data={"value":[{"element-6066-11e4-a52e-4f735466cecf":"00000000-0000-114a-ffff-ffff00000111","ELEMENT":"00000000-0000-114a-ffff-ffff00000111"}]} | headers=HTTPHeaderDict({'X-Powered-By': 'Express', 'Vary': 'X-HTTP-Method-Override', 'Content-Type': 'application/json; charset=utf-8', 'Content-Length': '139', 'ETag': 'W/"8b-8/eNjFha3WQ/zGHC/+rQGmXgo2M"', 'Date': 'Thu, 18 Jan 2024 21:46:15 GMT', 'Connection': 'keep-alive'})</msg>
<msg timestamp="20240119 02:46:15.334" level="DEBUG">Finished Request</msg>
<msg timestamp="20240119 02:46:15.334" level="DEBUG">POST http://localhost:4723/wd/hub/session/0bb393d8-181c-407f-a8f7-02377b45ffb6/element/00000000-0000-114a-ffff-ffff00000111/click {"id": "00000000-0000-114a-ffff-ffff00000111"}</msg>
<msg timestamp="20240119 02:46:15.416" level="DEBUG">http://localhost:4723 "POST /wd/hub/session/0bb393d8-181c-407f-a8f7-02377b45ffb6/element/00000000-0000-114a-ffff-ffff00000111/click HTTP/1.1" 200 0</msg>
<msg timestamp="20240119 02:46:15.416" level="DEBUG">Remote response: status=200 | data={"value":null} | headers=HTTPHeaderDict({'X-Powered-By': 'Express', 'Vary': 'X-HTTP-Method-Override', 'Content-Type': 'application/json; charset=utf-8', 'Content-Length': '14', 'ETag': 'W/"e-9/1BuKMgFObM1mWJm+YjxtXJnUM"', 'Date': 'Thu, 18 Jan 2024 21:46:15 GMT', 'Connection': 'keep-alive'})</msg>
<msg timestamp="20240119 02:46:15.416" level="DEBUG">Finished Request</msg>
<msg timestamp="20240119 02:46:15.416" level="INFO">xpath criteria: //android.widget.TextView[contains(@text,"Continue")]</msg>
<msg timestamp="20240119 02:46:15.417" level="TRACE">Return: None</msg>
<status status="PASS" starttime="20240119 02:46:15.113" endtime="20240119 02:46:15.417"/>
</kw>
<kw name="Click Element" library="AppiumLibrary">
<arg>${Press_Continue_Button}</arg>
<doc>Click element identified by `locator`.</doc>
<msg timestamp="20240119 02:46:15.417" level="TRACE">Arguments: [ '//android.widget.TextView[contains(@text,"Continue")]' ]</msg>
<msg timestamp="20240119 02:46:15.420" level="INFO">Clicking element '//android.widget.TextView[contains(@text,"Continue")]'.</msg>
<msg timestamp="20240119 02:46:15.420" level="DEBUG">POST http://localhost:4723/wd/hub/session/0bb393d8-181c-407f-a8f7-02377b45ffb6/elements {"using": "xpath", "value": "//android.widget.TextView[contains(@text,\"Continue\")]"}</msg>
<msg timestamp="20240119 02:46:15.773" level="DEBUG">http://localhost:4723 "POST /wd/hub/session/0bb393d8-181c-407f-a8f7-02377b45ffb6/elements HTTP/1.1" 200 0</msg>
<msg timestamp="20240119 02:46:15.773" level="DEBUG">Remote response: status=200 | data={"value":[{"element-6066-11e4-a52e-4f735466cecf":"00000000-0000-114a-ffff-ffff00000111","ELEMENT":"00000000-0000-114a-ffff-ffff00000111"}]} | headers=HTTPHeaderDict({'X-Powered-By': 'Express', 'Vary': 'X-HTTP-Method-Override', 'Content-Type': 'application/json; charset=utf-8', 'Content-Length': '139', 'ETag': 'W/"8b-8/eNjFha3WQ/zGHC/+rQGmXgo2M"', 'Date': 'Thu, 18 Jan 2024 21:46:15 GMT', 'Connection': 'keep-alive'})</msg>
<msg timestamp="20240119 02:46:15.773" level="DEBUG">Finished Request</msg>
<msg timestamp="20240119 02:46:15.773" level="DEBUG">POST http://localhost:4723/wd/hub/session/0bb393d8-181c-407f-a8f7-02377b45ffb6/element/00000000-0000-114a-ffff-ffff00000111/click {"id": "00000000-0000-114a-ffff-ffff00000111"}</msg>
<msg timestamp="20240119 02:46:17.364" level="DEBUG">http://localhost:4723 "POST /wd/hub/session/0bb393d8-181c-407f-a8f7-02377b45ffb6/element/00000000-0000-114a-ffff-ffff00000111/click HTTP/1.1" 200 0</msg>
<msg timestamp="20240119 02:46:17.364" level="DEBUG">Remote response: status=200 | data={"value":null} | headers=HTTPHeaderDict({'X-Powered-By': 'Express', 'Vary': 'X-HTTP-Method-Override', 'Content-Type': 'application/json; charset=utf-8', 'Content-Length': '14', 'ETag': 'W/"e-9/1BuKMgFObM1mWJm+YjxtXJnUM"', 'Date': 'Thu, 18 Jan 2024 21:46:17 GMT', 'Connection': 'keep-alive'})</msg>
<msg timestamp="20240119 02:46:17.364" level="DEBUG">Finished Request</msg>
<msg timestamp="20240119 02:46:17.364" level="INFO">xpath criteria: //android.widget.TextView[contains(@text,"Continue")]</msg>
<msg timestamp="20240119 02:46:17.364" level="TRACE">Return: None</msg>
<status status="PASS" starttime="20240119 02:46:15.417" endtime="20240119 02:46:17.364"/>
</kw>
<kw name="Click Element" library="AppiumLibrary">
<arg>${Press_Continue_Button}</arg>
<doc>Click element identified by `locator`.</doc>
<msg timestamp="20240119 02:46:17.364" level="TRACE">Arguments: [ '//android.widget.TextView[contains(@text,"Continue")]' ]</msg>
<msg timestamp="20240119 02:46:17.367" level="INFO">Clicking element '//android.widget.TextView[contains(@text,"Continue")]'.</msg>
<msg timestamp="20240119 02:46:17.367" level="DEBUG">POST http://localhost:4723/wd/hub/session/0bb393d8-181c-407f-a8f7-02377b45ffb6/elements {"using": "xpath", "value": "//android.widget.TextView[contains(@text,\"Continue\")]"}</msg>
<msg timestamp="20240119 02:46:17.474" level="DEBUG">http://localhost:4723 "POST /wd/hub/session/0bb393d8-181c-407f-a8f7-02377b45ffb6/elements HTTP/1.1" 200 0</msg>
<msg timestamp="20240119 02:46:17.474" level="DEBUG">Remote response: status=200 | data={"value":[{"element-6066-11e4-a52e-4f735466cecf":"00000000-0000-114a-ffff-ffff00000111","ELEMENT":"00000000-0000-114a-ffff-ffff00000111"}]} | headers=HTTPHeaderDict({'X-Powered-By': 'Express', 'Vary': 'X-HTTP-Method-Override', 'Content-Type': 'application/json; charset=utf-8', 'Content-Length': '139', 'ETag': 'W/"8b-8/eNjFha3WQ/zGHC/+rQGmXgo2M"', 'Date': 'Thu, 18 Jan 2024 21:46:17 GMT', 'Connection': 'keep-alive'})</msg>
<msg timestamp="20240119 02:46:17.474" level="DEBUG">Finished Request</msg>
<msg timestamp="20240119 02:46:17.475" level="DEBUG">POST http://localhost:4723/wd/hub/session/0bb393d8-181c-407f-a8f7-02377b45ffb6/element/00000000-0000-114a-ffff-ffff00000111/click {"id": "00000000-0000-114a-ffff-ffff00000111"}</msg>
<msg timestamp="20240119 02:46:19.384" level="DEBUG">http://localhost:4723 "POST /wd/hub/session/0bb393d8-181c-407f-a8f7-02377b45ffb6/element/00000000-0000-114a-ffff-ffff00000111/click HTTP/1.1" 200 0</msg>
<msg timestamp="20240119 02:46:19.384" level="DEBUG">Remote response: status=200 | data={"value":null} | headers=HTTPHeaderDict({'X-Powered-By': 'Express', 'Vary': 'X-HTTP-Method-Override', 'Content-Type': 'application/json; charset=utf-8', 'Content-Length': '14', 'ETag': 'W/"e-9/1BuKMgFObM1mWJm+YjxtXJnUM"', 'Date': 'Thu, 18 Jan 2024 21:46:19 GMT', 'Connection': 'keep-alive'})</msg>
<msg timestamp="20240119 02:46:19.384" level="DEBUG">Finished Request</msg>
<msg timestamp="20240119 02:46:19.384" level="INFO">xpath criteria: //android.widget.TextView[contains(@text,"Continue")]</msg>
<msg timestamp="20240119 02:46:19.384" level="TRACE">Return: None</msg>
<status status="PASS" starttime="20240119 02:46:17.364" endtime="20240119 02:46:19.385"/>
</kw>
<kw name="Sleep" library="BuiltIn">
<arg>2s</arg>
<doc>Pauses the test executed for the given time.</doc>
<msg timestamp="20240119 02:46:19.386" level="TRACE">Arguments: [ '2s' ]</msg>
<msg timestamp="20240119 02:46:21.386" level="INFO">Slept 2 seconds</msg>
<msg timestamp="20240119 02:46:21.386" level="TRACE">Return: None</msg>
<status status="PASS" starttime="20240119 02:46:19.386" endtime="20240119 02:46:21.386"/>
</kw>
<kw name="Click Element" library="AppiumLibrary">
<arg>${Press_Email_Button}</arg>
<doc>Click element identified by `locator`.</doc>
<msg timestamp="20240119 02:46:21.386" level="TRACE">Arguments: [ '//android.widget.TextView[contains(@text,"Email")]' ]</msg>
<msg timestamp="20240119 02:46:21.390" level="INFO">Clicking element '//android.widget.TextView[contains(@text,"Email")]'.</msg>
<msg timestamp="20240119 02:46:21.390" level="DEBUG">POST http://localhost:4723/wd/hub/session/0bb393d8-181c-407f-a8f7-02377b45ffb6/elements {"using": "xpath", "value": "//android.widget.TextView[contains(@text,\"Email\")]"}</msg>
<msg timestamp="20240119 02:46:21.454" level="DEBUG">http://localhost:4723 "POST /wd/hub/session/0bb393d8-181c-407f-a8f7-02377b45ffb6/elements HTTP/1.1" 200 0</msg>
<msg timestamp="20240119 02:46:21.454" level="DEBUG">Remote response: status=200 | data={"value":[{"element-6066-11e4-a52e-4f735466cecf":"00000000-0000-114a-ffff-ffff0000014f","ELEMENT":"00000000-0000-114a-ffff-ffff0000014f"}]} | headers=HTTPHeaderDict({'X-Powered-By': 'Express', 'Vary': 'X-HTTP-Method-Override', 'Content-Type': 'application/json; charset=utf-8', 'Content-Length': '139', 'ETag': 'W/"8b-BQsnhU12yISROGHya9I6RLNGTBo"', 'Date': 'Thu, 18 Jan 2024 21:46:21 GMT', 'Connection': 'keep-alive'})</msg>
<msg timestamp="20240119 02:46:21.455" level="DEBUG">Finished Request</msg>
<msg timestamp="20240119 02:46:21.455" level="DEBUG">POST http://localhost:4723/wd/hub/session/0bb393d8-181c-407f-a8f7-02377b45ffb6/element/00000000-0000-114a-ffff-ffff0000014f/click {"id": "00000000-0000-114a-ffff-ffff0000014f"}</msg>
<msg timestamp="20240119 02:46:21.521" level="DEBUG">http://localhost:4723 "POST /wd/hub/session/0bb393d8-181c-407f-a8f7-02377b45ffb6/element/00000000-0000-114a-ffff-ffff0000014f/click HTTP/1.1" 200 0</msg>
<msg timestamp="20240119 02:46:21.521" level="DEBUG">Remote response: status=200 | data={"value":null} | headers=HTTPHeaderDict({'X-Powered-By': 'Express', 'Vary': 'X-HTTP-Method-Override', 'Content-Type': 'application/json; charset=utf-8', 'Content-Length': '14', 'ETag': 'W/"e-9/1BuKMgFObM1mWJm+YjxtXJnUM"', 'Date': 'Thu, 18 Jan 2024 21:46:21 GMT', 'Connection': 'keep-alive'})</msg>
<msg timestamp="20240119 02:46:21.521" level="DEBUG">Finished Request</msg>
<msg timestamp="20240119 02:46:21.521" level="INFO">xpath criteria: //android.widget.TextView[contains(@text,"Email")]</msg>
<msg timestamp="20240119 02:46:21.521" level="TRACE">Return: None</msg>
<status status="PASS" starttime="20240119 02:46:21.386" endtime="20240119 02:46:21.521"/>
</kw>
<kw name="Wait Until Page Contains" library="AppiumLibrary">
<arg>${Email_Label_Name}</arg>
<doc>Waits until `text` appears on current page.</doc>
<msg timestamp="20240119 02:46:21.522" level="TRACE">Arguments: [ 'Email Address' ]</msg>
<msg timestamp="20240119 02:46:21.522" level="DEBUG">GET http://localhost:4723/wd/hub/session/0bb393d8-181c-407f-a8f7-02377b45ffb6/source {}</msg>
<msg timestamp="20240119 02:46:21.574" level="DEBUG">http://localhost:4723 "GET /wd/hub/session/0bb393d8-181c-407f-a8f7-02377b45ffb6/source HTTP/1.1" 200 0</msg>
<msg timestamp="20240119 02:46:21.574" level="DEBUG">Remote response: status=200 | data={"sessionId":"0bb393d8-181c-407f-a8f7-02377b45ffb6","value":"&lt;?xml version='1.0' encoding='UTF-8' standalone='yes' ?&gt;\r\n&lt;hierarchy index=\"0\" class=\"hierarchy\" rotation=\"0\" width=\"1080\" height=\"2198\"&gt;\r\n  &lt;android.widget.FrameLayout index=\"0\" package=\"com.ricult.ricultagent\" class=\"android.widget.FrameLayout\" text=\"\" checkable=\"false\" checked=\"false\" clickable=\"false\" enabled=\"true\" focusable=\"false\" focused=\"false\" long-clickable=\"false\" password=\"false\" scrollable=\"false\" selected=\"false\" bounds=\"[0,0][1080,2198]\" displayed=\"true\"&gt;\r\n    &lt;android.widget.LinearLayout index=\"0\" package=\"com.ricult.ricultagent\" class=\"android.widget.LinearLayout\" text=\"\" checkable=\"false\" checked=\"false\" clickable=\"false\" enabled=\"true\" focusable=\"false\" focused=\"false\" long-clickable=\"false\" password=\"false\" scrollable=\"false\" selected=\"false\" bounds=\"[0,0][1080,2198]\" displayed=\"true\"&gt;\r\n      &lt;android.widget.FrameLayout index=\"0\" package=\"com.ricult.ricultagent\" class=\"android.widget.FrameLayout\" text=\"\" checkable=\"false\" checked=\"false\" clickable=\"false\" enabled=\"true\" focusable=\"false\" focused=\"false\" long-clickable=\"false\" password=\"false\" scrollable=\"false\" selected=\"false\" bounds=\"[0,76][1080,2198]\" displayed=\"true\"&gt;\r\n        &lt;android.widget.LinearLayout index=\"0\" package=\"com.ricult.ricultagent\" class=\"android.widget.LinearLayout\" text=\"\" resource-id=\"com.ricult.ricultagent:id/action_bar_root\" checkable=\"false\" checked=\"false\" clickable=\"false\" enabled=\"true\" focusable=\"false\" focused=\"false\" long-clickable=\"false\" password=\"false\" scrollable=\"false\" selected=\"false\" bounds=\"[0,76][1080,2198]\" displayed=\"true\"&gt;\r\n          &lt;android.widget.FrameLayout index=\"0\" package=\"com.ricult.ricultagent\" class=\"android.widget.FrameLayout\" text=\"\" resource-id=\"android:id/content\" checkable=\"false\" checked=\"false\" clickable=\"false\" enabled=\"true\" focusable=\"false\" focused=\"false\" long-clickable=\"false\" password=\"false\" scrollable=\"false\" selected=\"false\" bounds=\"[0,76][1080,2198]\" displayed=\"true\"&gt;\r\n            &lt;android.widget.FrameLayout index=\"0\" package=\"com.ricult.ricultagent\" class=\"android.widget.FrameLayout\" text=\"\" checkable=\"false\" checked=\"false\" clickable=\"false\" enabled=\"true\" focusable=\"false\" focused=\"false\" long-clickable=\"false\" password=\"false\" scrollable=\"false\" selected=\"false\" bounds=\"[0,76][1080,2198]\" displayed=\"true\"&gt;\r\n              &lt;android.view.ViewGroup index=\"0\" package=\"com.ricult.ricultagent\" class=\"android.view.ViewGroup\" text=\"\" checkable=\"false\" checked=\"false\" clickable=\"false\" enabled=\"true\" focusable=\"false\" focused=\"false\" long-clickable=\"false\" password=\"false\" scrollable=\"false\" selected=\"false\" bounds=\"[0,76][1080,2198]\" displayed=\"true\"&gt;\r\n                &lt;android.view.ViewGroup index=\"1\" package=\"com.ricult.ricultagent\" class=\"android.view.ViewGroup\" text=\"\" checkable=\"false\" checked=\"false\" clickable=\"false\" enabled=\"true\" focusable=\"false\" focused=\"false\" long-clickable=\"false\" password=\"false\" scrollable=\"false\" selected=\"false\" bounds=\"[0,76][1080,2198]\" displayed=\"true\"&gt;\r\n                  &lt;android.view.ViewGroup index=\"0\" package=\"com.ricult.ricultagent\" class=\"android.view.ViewGroup\" text=\"\" checkable=\"false\" checked=\"false\" clickable=\"false\" enabled=\"true\" focusable=\"false\" focused=\"false\" long-clickable=\"false\" password=\"false\" scrollable=\"false\" selected=\"false\" bounds=\"[0,76][1080,2198]\" displayed=\"true\"&gt;\r\n                    &lt;android.view.ViewGroup index=\"0\" package=\"com.ricult.ricultagent\" class=\"android.view.ViewGroup\" text=\"\" checkable=\"false\" checked=\"false\" clickable=\"false\" enabled=\"true\" focusable=\"false\" focused=\"false\" long-clickable=\"false\" password=\"false\" scrollable=\"false\" selected=\"false\" bounds=\"[0,76][1080,2198]\" displayed=\"true\"&gt;\r\n                      &lt;android.view.ViewGroup index=\"1\" package=\"com.ricult.ricultagent\" class=\"android.view.ViewGroup\" text=\"\" checkable=\"false\" checked=\"false\" clickable=\"false\" enabled=\"true\" focusable=\"false\" focused=\"false\" long-clickable=\"false\" password=\"false\" scrollable=\"false\" selected=\"false\" bounds=\"[0,76][1080,2198]\" displayed=\"true\"&gt;\r\n                        &lt;android.view.ViewGroup index=\"0\" package=\"com.ricult.ricultagent\" class=\"android.view.ViewGroup\" text=\"\" checkable=\"false\" checked=\"false\" clickable=\"false\" enabled=\"true\" focusable=\"false\" focused=\"false\" long-clickable=\"false\" password=\"false\" scrollable=\"false\" selected=\"false\" bounds=\"[0,76][1080,2198]\" displayed=\"true\"&gt;\r\n                          &lt;android.view.ViewGroup index=\"0\" package=\"com.ricult.ricultagent\" class=\"android.view.ViewGroup\" text=\"\" checkable=\"false\" checked=\"false\" clickable=\"false\" enabled=\"true\" focusable=\"false\" focused=\"false\" long-clickable=\"false\" password=\"false\" scrollable=\"false\" selected=\"false\" bounds=\"[0,76][1080,2198]\" displayed=\"true\"&gt;\r\n                            &lt;android.view.ViewGroup index=\"0\" package=\"com.ricult.ricultagent\" class=\"android.view.ViewGroup\" text=\"\" checkable=\"false\" checked=\"false\" clickable=\"false\" enabled=\"true\" focusable=\"false\" focused=\"false\" long-clickable=\"false\" password=\"false\" scrollable=\"false\" selected=\"false\" bounds=\"[0,76][1080,2198]\" displayed=\"true\"&gt;\r\n                              &lt;android.view.ViewGroup index=\"0\" package=\"com.ricult.ricultagent\" class=\"android.view.ViewGroup\" text=\"\" checkable=\"false\" checked=\"false\" clickable=\"false\" enabled=\"true\" focusable=\"true\" focused=\"false\" long-clickable=\"false\" password=\"false\" scrollable=\"false\" selected=\"false\" bounds=\"[63,150][181,255]\" displayed=\"true\"&gt;\r\n                                &lt;android.view.ViewGroup index=\"0\" package=\"com.ricult.ricultagent\" class=\"android.view.ViewGroup\" text=\"\" checkable=\"false\" checked=\"false\" clickable=\"true\" enabled=\"true\" focusable=\"true\" focused=\"false\" long-clickable=\"false\" password=\"false\" scrollable=\"false\" selected=\"false\" bounds=\"[63,150][181,255]\" displayed=\"true\"&gt;\r\n                                  &lt;android.view.ViewGroup index=\"0\" package=\"com.ricult.ricultagent\" class=\"android.view.ViewGroup\" text=\"\" checkable=\"false\" checked=\"false\" clickable=\"false\" enabled=\"true\" focusable=\"false\" focused=\"false\" long-clickable=\"false\" password=\"false\" scrollable=\"false\" selected=\"false\" bounds=\"[63,150][168,255]\" displayed=\"true\"&gt;\r\n                                    &lt;android.view.ViewGroup index=\"0\" package=\"com.ricult.ricultagent\" class=\"android.view.ViewGroup\" text=\"\" checkable=\"false\" checked=\"false\" clickable=\"false\" enabled=\"true\" focusable=\"false\" focused=\"false\" long-clickable=\"false\" password=\"false\" scrollable=\"false\" selected=\"false\" bounds=\"[63,150][168,255]\" displayed=\"true\" /&gt;\r\n                                  &lt;/android.view.ViewGroup&gt;\r\n                                &lt;/android.view.ViewGroup&gt;\r\n                              &lt;/android.view.ViewGroup&gt;\r\n                              &lt;android.view.ViewGroup index=\"1\" package=\"com.ricult.ricultagent\" class=\"android.view.ViewGroup\" text=\"\" checkable=\"false\" checked=\"false\" clickable=\"false\" enabled=\"true\" focusable=\"false\" focused=\"false\" long-clickable=\"false\" password=\"false\" scrollable=\"false\" selected=\"false\" bounds=\"[372,139][708,265]\" displayed=\"true\"&gt;\r\n                                &lt;android.view.ViewGroup index=\"0\" package=\"com.ricult.ricultagent\" class=\"android.view.ViewGroup\" text=\"\" checkable=\"false\" checked=\"false\" clickable=\"false\" enabled=\"true\" focusable=\"false\" focused=\"false\" long-clickable=\"false\" password=\"false\" scrollable=\"false\" selected=\"false\" bounds=\"[372,139][708,265]\" displayed=\"true\" /&gt;\r\n                              &lt;/android.view.ViewGroup&gt;\r\n                              &lt;android.view.ViewGroup index=\"3\" package=\"com.ricult.ricultagent\" class=\"android.view.ViewGroup\" text=\"\" checkable=\"false\" checked=\"false\" clickable=\"false\" enabled=\"true\" focusable=\"false\" focused=\"false\" long-clickable=\"false\" password=\"false\" scrollable=\"false\" selected=\"false\" bounds=\"[267,717][813,1312]\" displayed=\"true\"&gt;\r\n                                &lt;android.view.ViewGroup index=\"0\" package=\"com.ricult.ricultagent\" class=\"android.view.ViewGroup\" text=\"\" checkable=\"false\" checked=\"false\" clickable=\"false\" enabled=\"true\" focusable=\"false\" focused=\"false\" long-clickable=\"false\" password=\"false\" scrollable=\"false\" selected=\"false\" bounds=\"[267,717][813,1312]\" displayed=\"true\" /&gt;\r\n                              &lt;/android.view.ViewGroup&gt;\r\n                              &lt;android.widget.TextView index=\"4\" package=\"com.ricult.ricultagent\" class=\"android.widget.TextView\" text=\"Welcome\" checkable=\"false\" checked=\"false\" clickable=\"false\" enabled=\"true\" focusable=\"false\" focused=\"false\" long-clickable=\"false\" password=\"false\" scrollable=\"false\" selected=\"false\" bounds=\"[430,1312][651,1386]\" displayed=\"true\" /&gt;\r\n                              &lt;android.widget.TextView index=\"5\" package=\"com.ricult.ricultagent\" class=\"android.widget.TextView\" text=\"Please choose how you're accessing your account.\" checkable=\"false\" checked=\"false\" clickable=\"false\" enabled=\"true\" focusable=\"false\" focused=\"false\" long-clickable=\"false\" password=\"false\" scrollable=\"false\" selected=\"false\" bounds=\"[68,1386][1012,1470]\" displayed=\"true\" /&gt;\r\n                              &lt;android.view.ViewGroup index=\"6\" package=\"com.ricult.ricultagent\" class=\"android.view.ViewGroup\" text=\"\" checkable=\"false\" checked=\"false\" clickable=\"true\" enabled=\"true\" focusable=\"true\" focused=\"false\" long-clickable=\"false\" password=\"false\" scrollable=\"false\" selected=\"false\" bounds=\"[63,1922][1017,2059]\" displayed=\"true\"&gt;\r\n                                &lt;android.widget.TextView index=\"0\" package=\"com.ricult.ricultagent\" class=\"android.widget.TextView\" text=\"Phone Number\" checkable=\"false\" checked=\"false\" clickable=\"false\" enabled=\"true\" focusable=\"false\" focused=\"false\" long-clickable=\"false\" password=\"false\" scrollable=\"false\" selected=\"false\" bounds=\"[379,1953][702,2027]\" displayed=\"true\" /&gt;\r\n                              &lt;/android.view.ViewGroup&gt;\r\n                              &lt;android.view.ViewGroup index=\"7\" package=\"com.ricult.ricultagent\" class=\"android.view.ViewGroup\" text=\"\" checkable=\"false\" checked=\"false\" clickable=\"true\" enabled=\"true\" focusable=\"true\" focused=\"false\" long-clickable=\"false\" password=\"false\" scrollable=\"false\" selected=\"false\" bounds=\"[63,2101][1017,2198]\" displayed=\"true\"&gt;\r\n                                &lt;android.widget.TextView index=\"0\" package=\"com.ricult.ricultagent\" class=\"android.widget.TextView\" text=\"Email\" checkable=\"false\" checked=\"false\" clickable=\"false\" enabled=\"true\" focusable=\"false\" focused=\"false\" long-clickable=\"false\" password=\"false\" scrollable=\"false\" selected=\"false\" bounds=\"[481,2119][600,2193]\" displayed=\"true\" /&gt;\r\n                              &lt;/android.view.ViewGroup&gt;\r\n                            &lt;/android.view.ViewGroup&gt;\r\n                          &lt;/android.view.ViewGroup&gt;\r\n                        &lt;/android.view.ViewGroup&gt;\r\n                      &lt;/android.view.ViewGroup&gt;\r\n                    &lt;/android.view.ViewGroup&gt;\r\n                  &lt;/android.view.ViewGroup&gt;\r\n                &lt;/android.view.ViewGroup&gt;\r\n              &lt;/android.view.ViewGroup&gt;\r\n            &lt;/android.widget.FrameLayout&gt;\r\n          &lt;/android.widget.FrameLayout&gt;\r\n        &lt;/android.widget.LinearLayout&gt;\r\n      &lt;/android.widget.FrameLayout&gt;\r\n    &lt;/android.widget.LinearLayout&gt;\r\n  &lt;/android.widget.FrameLayout&gt;\r\n&lt;/hierarchy&gt;"} | headers=HTTPHeaderDict({'X-Powered-By': 'Express', 'Content-Type': 'application/json; charset=utf-8', 'Content-Length': '12357', 'ETag': 'W/"3045-cPXV3isjFQXpTsA+3FNLLBZO9bk"', 'Date': 'Thu, 18 Jan 2024 21:46:21 GMT', 'Connection': 'keep-alive'})</msg>
<msg timestamp="20240119 02:46:21.575" level="DEBUG">Finished Request</msg>
<msg timestamp="20240119 02:46:21.777" level="DEBUG">GET http://localhost:4723/wd/hub/session/0bb393d8-181c-407f-a8f7-02377b45ffb6/source {}</msg>
<msg timestamp="20240119 02:46:22.291" level="DEBUG">http://localhost:4723 "GET /wd/hub/session/0bb393d8-181c-407f-a8f7-02377b45ffb6/source HTTP/1.1" 200 0</msg>
<msg timestamp="20240119 02:46:22.291" level="DEBUG">Remote response: status=200 | data={"sessionId":"0bb393d8-181c-407f-a8f7-02377b45ffb6","value":"&lt;?xml version='1.0' encoding='UTF-8' standalone='yes' ?&gt;\r\n&lt;hierarchy index=\"0\" class=\"hierarchy\" rotation=\"0\" width=\"1080\" height=\"2198\"&gt;\r\n  &lt;android.widget.FrameLayout index=\"0\" package=\"com.ricult.ricultagent\" class=\"android.widget.FrameLayout\" text=\"\" checkable=\"false\" checked=\"false\" clickable=\"false\" enabled=\"true\" focusable=\"false\" focused=\"false\" long-clickable=\"false\" password=\"false\" scrollable=\"false\" selected=\"false\" bounds=\"[0,0][1080,2198]\" displayed=\"true\"&gt;\r\n    &lt;android.widget.LinearLayout index=\"0\" package=\"com.ricult.ricultagent\" class=\"android.widget.LinearLayout\" text=\"\" checkable=\"false\" checked=\"false\" clickable=\"false\" enabled=\"true\" focusable=\"false\" focused=\"false\" long-clickable=\"false\" password=\"false\" scrollable=\"false\" selected=\"false\" bounds=\"[0,0][1080,2198]\" displayed=\"true\"&gt;\r\n      &lt;android.widget.FrameLayout index=\"0\" package=\"com.ricult.ricultagent\" class=\"android.widget.FrameLayout\" text=\"\" checkable=\"false\" checked=\"false\" clickable=\"false\" enabled=\"true\" focusable=\"false\" focused=\"false\" long-clickable=\"false\" password=\"false\" scrollable=\"false\" selected=\"false\" bounds=\"[0,76][1080,2198]\" displayed=\"true\"&gt;\r\n        &lt;android.widget.LinearLayout index=\"0\" package=\"com.ricult.ricultagent\" class=\"android.widget.LinearLayout\" text=\"\" resource-id=\"com.ricult.ricultagent:id/action_bar_root\" checkable=\"false\" checked=\"false\" clickable=\"false\" enabled=\"true\" focusable=\"false\" focused=\"false\" long-clickable=\"false\" password=\"false\" scrollable=\"false\" selected=\"false\" bounds=\"[0,76][1080,2198]\" displayed=\"true\"&gt;\r\n          &lt;android.widget.FrameLayout index=\"0\" package=\"com.ricult.ricultagent\" class=\"android.widget.FrameLayout\" text=\"\" resource-id=\"android:id/content\" checkable=\"false\" checked=\"false\" clickable=\"false\" enabled=\"true\" focusable=\"false\" focused=\"false\" long-clickable=\"false\" password=\"false\" scrollable=\"false\" selected=\"false\" bounds=\"[0,76][1080,2198]\" displayed=\"true\"&gt;\r\n            &lt;android.widget.FrameLayout index=\"0\" package=\"com.ricult.ricultagent\" class=\"android.widget.FrameLayout\" text=\"\" checkable=\"false\" checked=\"false\" clickable=\"false\" enabled=\"true\" focusable=\"false\" focused=\"false\" long-clickable=\"false\" password=\"false\" scrollable=\"false\" selected=\"false\" bounds=\"[0,76][1080,2198]\" displayed=\"true\"&gt;\r\n              &lt;android.view.ViewGroup index=\"0\" package=\"com.ricult.ricultagent\" class=\"android.view.ViewGroup\" text=\"\" checkable=\"false\" checked=\"false\" clickable=\"false\" enabled=\"true\" focusable=\"false\" focused=\"false\" long-clickable=\"false\" password=\"false\" scrollable=\"false\" selected=\"false\" bounds=\"[0,76][1080,2198]\" displayed=\"true\"&gt;\r\n                &lt;android.view.ViewGroup index=\"1\" package=\"com.ricult.ricultagent\" class=\"android.view.ViewGroup\" text=\"\" checkable=\"false\" checked=\"false\" clickable=\"false\" enabled=\"true\" focusable=\"false\" focused=\"false\" long-clickable=\"false\" password=\"false\" scrollable=\"false\" selected=\"false\" bounds=\"[0,76][1080,2198]\" displayed=\"true\"&gt;\r\n                  &lt;android.view.ViewGroup index=\"0\" package=\"com.ricult.ricultagent\" class=\"android.view.ViewGroup\" text=\"\" checkable=\"false\" checked=\"false\" clickable=\"false\" enabled=\"true\" focusable=\"false\" focused=\"false\" long-clickable=\"false\" password=\"false\" scrollable=\"false\" selected=\"false\" bounds=\"[0,76][1080,2198]\" displayed=\"true\"&gt;\r\n                    &lt;android.view.ViewGroup index=\"0\" package=\"com.ricult.ricultagent\" class=\"android.view.ViewGroup\" text=\"\" checkable=\"false\" checked=\"false\" clickable=\"false\" enabled=\"true\" focusable=\"false\" focused=\"false\" long-clickable=\"false\" password=\"false\" scrollable=\"false\" selected=\"false\" bounds=\"[0,76][1080,2198]\" displayed=\"true\"&gt;\r\n                      &lt;android.view.ViewGroup index=\"1\" package=\"com.ricult.ricultagent\" class=\"android.view.ViewGroup\" text=\"\" checkable=\"false\" checked=\"false\" clickable=\"false\" enabled=\"true\" focusable=\"false\" focused=\"false\" long-clickable=\"false\" password=\"false\" scrollable=\"false\" selected=\"false\" bounds=\"[0,76][1080,2198]\" displayed=\"true\"&gt;\r\n                        &lt;android.view.ViewGroup index=\"0\" package=\"com.ricult.ricultagent\" class=\"android.view.ViewGroup\" text=\"\" checkable=\"false\" checked=\"false\" clickable=\"false\" enabled=\"true\" focusable=\"false\" focused=\"false\" long-clickable=\"false\" password=\"false\" scrollable=\"false\" selected=\"false\" bounds=\"[0,76][1080,2198]\" displayed=\"true\"&gt;\r\n                          &lt;android.view.ViewGroup index=\"0\" package=\"com.ricult.ricultagent\" class=\"android.view.ViewGroup\" text=\"\" checkable=\"false\" checked=\"false\" clickable=\"false\" enabled=\"true\" focusable=\"false\" focused=\"false\" long-clickable=\"false\" password=\"false\" scrollable=\"false\" selected=\"false\" bounds=\"[0,76][1080,2198]\" displayed=\"true\"&gt;\r\n                            &lt;android.widget.ScrollView index=\"0\" package=\"com.ricult.ricultagent\" class=\"android.widget.ScrollView\" text=\"\" checkable=\"false\" checked=\"false\" clickable=\"false\" enabled=\"true\" focusable=\"true\" focused=\"false\" long-clickable=\"false\" password=\"false\" scrollable=\"true\" selected=\"false\" bounds=\"[0,76][1080,2198]\" displayed=\"true\"&gt;\r\n                              &lt;android.view.ViewGroup index=\"0\" package=\"com.ricult.ricultagent\" class=\"android.view.ViewGroup\" text=\"\" checkable=\"false\" checked=\"false\" clickable=\"false\" enabled=\"true\" focusable=\"false\" focused=\"false\" long-clickable=\"false\" password=\"false\" scrollable=\"false\" selected=\"false\" bounds=\"[0,76][1080,2198]\" displayed=\"true\"&gt;\r\n                                &lt;android.view.ViewGroup index=\"0\" package=\"com.ricult.ricultagent\" class=\"android.view.ViewGroup\" text=\"\" checkable=\"false\" checked=\"false\" clickable=\"false\" enabled=\"true\" focusable=\"false\" focused=\"false\" long-clickable=\"false\" password=\"false\" scrollable=\"false\" selected=\"false\" bounds=\"[0,76][1080,2198]\" displayed=\"true\"&gt;\r\n                                  &lt;android.view.ViewGroup index=\"0\" package=\"com.ricult.ricultagent\" class=\"android.view.ViewGroup\" text=\"\" checkable=\"false\" checked=\"false\" clickable=\"false\" enabled=\"true\" focusable=\"false\" focused=\"false\" long-clickable=\"false\" password=\"false\" scrollable=\"false\" selected=\"false\" bounds=\"[63,139][1017,2198]\" displayed=\"true\"&gt;\r\n                                    &lt;android.view.ViewGroup index=\"0\" package=\"com.ricult.ricultagent\" class=\"android.view.ViewGroup\" text=\"\" checkable=\"false\" checked=\"false\" clickable=\"false\" enabled=\"true\" focusable=\"true\" focused=\"false\" long-clickable=\"false\" password=\"false\" scrollable=\"false\" selected=\"false\" bounds=\"[63,150][181,255]\" displayed=\"true\"&gt;\r\n                                      &lt;android.view.ViewGroup index=\"0\" package=\"com.ricult.ricultagent\" class=\"android.view.ViewGroup\" text=\"\" checkable=\"false\" checked=\"false\" clickable=\"true\" enabled=\"true\" focusable=\"true\" focused=\"false\" long-clickable=\"false\" password=\"false\" scrollable=\"false\" selected=\"false\" bounds=\"[63,150][181,255]\" displayed=\"true\"&gt;\r\n                                        &lt;android.view.ViewGroup index=\"0\" package=\"com.ricult.ricultagent\" class=\"android.view.ViewGroup\" text=\"\" checkable=\"false\" checked=\"false\" clickable=\"false\" enabled=\"true\" focusable=\"false\" focused=\"false\" long-clickable=\"false\" password=\"false\" scrollable=\"false\" selected=\"false\" bounds=\"[63,150][168,255]\" displayed=\"true\"&gt;\r\n                                          &lt;android.view.ViewGroup index=\"0\" package=\"com.ricult.ricultagent\" class=\"android.view.ViewGroup\" text=\"\" checkable=\"false\" checked=\"false\" clickable=\"false\" enabled=\"true\" focusable=\"false\" focused=\"false\" long-clickable=\"false\" password=\"false\" scrollable=\"false\" selected=\"false\" bounds=\"[63,150][168,255]\" displayed=\"true\" /&gt;\r\n                                        &lt;/android.view.ViewGroup&gt;\r\n                                      &lt;/android.view.ViewGroup&gt;\r\n                                    &lt;/android.view.ViewGroup&gt;\r\n                                    &lt;android.view.ViewGroup index=\"1\" package=\"com.ricult.ricultagent\" class=\"android.view.ViewGroup\" text=\"\" checkable=\"false\" checked=\"false\" clickable=\"false\" enabled=\"true\" focusable=\"false\" focused=\"false\" long-clickable=\"false\" password=\"false\" scrollable=\"false\" selected=\"false\" bounds=\"[372,139][708,265]\" displayed=\"true\"&gt;\r\n                                      &lt;android.view.ViewGroup index=\"0\" package=\"com.ricult.ricultagent\" class=\"android.view.ViewGroup\" text=\"\" checkable=\"false\" checked=\"false\" clickable=\"false\" enabled=\"true\" focusable=\"false\" focused=\"false\" long-clickable=\"false\" password=\"false\" scrollable=\"false\" selected=\"false\" bounds=\"[372,139][708,265]\" displayed=\"true\" /&gt;\r\n                                    &lt;/android.view.ViewGroup&gt;\r\n                                    &lt;android.widget.TextView index=\"3\" package=\"com.ricult.ricultagent\" class=\"android.widget.TextView\" text=\"Sign in\" checkable=\"false\" checked=\"false\" clickable=\"false\" enabled=\"true\" focusable=\"false\" focused=\"false\" long-clickable=\"false\" password=\"false\" scrollable=\"false\" selected=\"false\" bounds=\"[460,349][621,423]\" displayed=\"true\" /&gt;\r\n                           
[...]
<status status="PASS" starttime="20240119 02:46:02.464" endtime="20240119 02:46:35.982"/>
</kw>
<msg timestamp="20240119 02:46:35.982" level="TRACE">Return: None</msg>
<status status="PASS" starttime="20240119 02:45:33.726" endtime="20240119 02:46:35.982"/>
</kw>
<test id="s1-t1" name="TC_01: Open and Adding a Field" line="11">
<kw name="Given I Click on Add Field Button" library="add_a_field">
<msg timestamp="20240119 02:46:35.983" level="TRACE">Arguments: [  ]</msg>
<kw name="Click Element" library="AppiumLibrary">
<arg>${Plus_Sign}</arg>
<doc>Click element identified by `locator`.</doc>
<msg timestamp="20240119 02:46:35.984" level="TRACE">Arguments: [ "//android.widget.Button[contains(@resource-id,'TestId__Create-Action-Screen-Button')]" ]</msg>
<msg timestamp="20240119 02:46:35.987" level="INFO">Clicking element '//android.widget.Button[contains(@resource-id,'TestId__Create-Action-Screen-Button')]'.</msg>
<msg timestamp="20240119 02:46:35.987" level="DEBUG">POST http://localhost:4723/wd/hub/session/0bb393d8-181c-407f-a8f7-02377b45ffb6/elements {"using": "xpath", "value": "//android.widget.Button[contains(@resource-id,'TestId__Create-Action-Screen-Button')]"}</msg>
<msg timestamp="20240119 02:46:36.142" level="DEBUG">http://localhost:4723 "POST /wd/hub/session/0bb393d8-181c-407f-a8f7-02377b45ffb6/elements HTTP/1.1" 200 0</msg>
<msg timestamp="20240119 02:46:36.142" level="DEBUG">Remote response: status=200 | data={"value":[{"element-6066-11e4-a52e-4f735466cecf":"00000000-0000-114a-ffff-ffff000001f8","ELEMENT":"00000000-0000-114a-ffff-ffff000001f8"}]} | headers=HTTPHeaderDict({'X-Powered-By': 'Express', 'Vary': 'X-HTTP-Method-Override', 'Content-Type': 'application/json; charset=utf-8', 'Content-Length': '139', 'ETag': 'W/"8b-VeKqiZsQdyQl5MnDR8q6SNhSSfM"', 'Date': 'Thu, 18 Jan 2024 21:46:36 GMT', 'Connection': 'keep-alive'})</msg>
<msg timestamp="20240119 02:46:36.142" level="DEBUG">Finished Request</msg>
<msg timestamp="20240119 02:46:36.143" level="DEBUG">POST http://localhost:4723/wd/hub/session/0bb393d8-181c-407f-a8f7-02377b45ffb6/element/00000000-0000-114a-ffff-ffff000001f8/click {"id": "00000000-0000-114a-ffff-ffff000001f8"}</msg>
<msg timestamp="20240119 02:46:36.205" level="DEBUG">http://localhost:4723 "POST /wd/hub/session/0bb393d8-181c-407f-a8f7-02377b45ffb6/element/00000000-0000-114a-ffff-ffff000001f8/click HTTP/1.1" 200 0</msg>
<msg timestamp="20240119 02:46:36.205" level="DEBUG">Remote response: status=200 | data={"value":null} | headers=HTTPHeaderDict({'X-Powered-By': 'Express', 'Vary': 'X-HTTP-Method-Override', 'Content-Type': 'application/json; charset=utf-8', 'Content-Length': '14', 'ETag': 'W/"e-9/1BuKMgFObM1mWJm+YjxtXJnUM"', 'Date': 'Thu, 18 Jan 2024 21:46:36 GMT', 'Connection': 'keep-alive'})</msg>
<msg timestamp="20240119 02:46:36.205" level="DEBUG">Finished Request</msg>
<msg timestamp="20240119 02:46:36.205" level="INFO">xpath criteria: //android.widget.Button[contains(@resource-id,'TestId__Create-Action-Screen-Button')]</msg>
<msg timestamp="20240119 02:46:36.205" level="TRACE">Return: None</msg>
<status status="PASS" starttime="20240119 02:46:35.984" endtime="20240119 02:46:36.205"/>
</kw>
<kw name="Wait Until Page Contains Element" library="AppiumLibrary">
<arg>${Add_Farmer}</arg>
<doc>Waits until element specified with `locator` appears on current page.</doc>
<msg timestamp="20240119 02:46:36.205" level="TRACE">Arguments: [ '//android.widget.TextView[contains(@text,"Add a Farmer")]' ]</msg>
<msg timestamp="20240119 02:46:36.205" level="DEBUG">POST http://localhost:4723/wd/hub/session/0bb393d8-181c-407f-a8f7-02377b45ffb6/elements {"using": "xpath", "value": "//android.widget.TextView[contains(@text,\"Add a Farmer\")]"}</msg>
<msg timestamp="20240119 02:46:36.317" level="DEBUG">http://localhost:4723 "POST /wd/hub/session/0bb393d8-181c-407f-a8f7-02377b45ffb6/elements HTTP/1.1" 200 0</msg>
<msg timestamp="20240119 02:46:36.317" level="DEBUG">Remote response: status=200 | data={"value":[]} | headers=HTTPHeaderDict({'X-Powered-By': 'Express', 'Vary': 'X-HTTP-Method-Override', 'Content-Type': 'application/json; charset=utf-8', 'Content-Length': '12', 'ETag': 'W/"c-ct3goOI+b+kRZv2R9j2fTtMXwkk"', 'Date': 'Thu, 18 Jan 2024 21:46:36 GMT', 'Connection': 'keep-alive'})</msg>
<msg timestamp="20240119 02:46:36.317" level="DEBUG">Finished Request</msg>
<msg timestamp="20240119 02:46:36.518" level="DEBUG">POST http://localhost:4723/wd/hub/session/0bb393d8-181c-407f-a8f7-02377b45ffb6/elements {"using": "xpath", "value": "//android.widget.TextView[contains(@text,\"Add a Farmer\")]"}</msg>
<msg timestamp="20240119 02:46:36.950" level="DEBUG">http://localhost:4723 "POST /wd/hub/session/0bb393d8-181c-407f-a8f7-02377b45ffb6/elements HTTP/1.1" 200 0</msg>
<msg timestamp="20240119 02:46:36.951" level="DEBUG">Remote response: status=200 | data={"value":[{"element-6066-11e4-a52e-4f735466cecf":"00000000-0000-114a-ffff-ffff00000251","ELEMENT":"00000000-0000-114a-ffff-ffff00000251"}]} | headers=HTTPHeaderDict({'X-Powered-By': 'Express', 'Vary': 'X-HTTP-Method-Override', 'Content-Type': 'application/json; charset=utf-8', 'Content-Length': '139', 'ETag': 'W/"8b-m4SRlZZm84WM7LxNBYhE+EgbbvQ"', 'Date': 'Thu, 18 Jan 2024 21:46:36 GMT', 'Connection': 'keep-alive'})</msg>
<msg timestamp="20240119 02:46:36.951" level="DEBUG">Finished Request</msg>
<msg timestamp="20240119 02:46:36.951" level="INFO">xpath criteria: //android.widget.TextView[contains(@text,"Add a Farmer")]
xpath criteria: //android.widget.TextView[contains(@text,"Add a Farmer")]</msg>
<msg timestamp="20240119 02:46:36.951" level="TRACE">Return: None</msg>
<status status="PASS" starttime="20240119 02:46:36.205" endtime="20240119 02:46:36.951"/>
</kw>
<msg timestamp="20240119 02:46:36.951" level="TRACE">Return: None</msg>
<status status="PASS" starttime="20240119 02:46:35.983" endtime="20240119 02:46:36.951"/>
</kw>
<kw name="When I Open a Add Field Page" library="add_a_field">
<msg timestamp="20240119 02:46:36.951" level="TRACE">Arguments: [  ]</msg>
<kw name="Sleep" library="BuiltIn">
<arg>3s</arg>
<doc>Pauses the test executed for the given time.</doc>
<msg timestamp="20240119 02:46:36.952" level="TRACE">Arguments: [ '3s' ]</msg>
<msg timestamp="20240119 02:46:39.953" level="INFO">Slept 3 seconds</msg>
<msg timestamp="20240119 02:46:39.953" level="TRACE">Return: None</msg>
<status status="PASS" starttime="20240119 02:46:36.951" endtime="20240119 02:46:39.953"/>
</kw>
<kw name="Click Element" library="AppiumLibrary">
<arg>${Add_a_Field_Button}</arg>
<doc>Click element identified by `locator`.</doc>
<msg timestamp="20240119 02:46:39.953" level="TRACE">Arguments: [ '//android.widget.TextView[contains(@text,"Add a Field")]' ]</msg>
<msg timestamp="20240119 02:46:39.956" level="INFO">Clicking element '//android.widget.TextView[contains(@text,"Add a Field")]'.</msg>
<msg timestamp="20240119 02:46:39.957" level="DEBUG">POST http://localhost:4723/wd/hub/session/0bb393d8-181c-407f-a8f7-02377b45ffb6/elements {"using": "xpath", "value": "//android.widget.TextView[contains(@text,\"Add a Field\")]"}</msg>
<msg timestamp="20240119 02:46:40.044" level="DEBUG">http://localhost:4723 "POST /wd/hub/session/0bb393d8-181c-407f-a8f7-02377b45ffb6/elements HTTP/1.1" 200 0</msg>
<msg timestamp="20240119 02:46:40.044" level="DEBUG">Remote response: status=200 | data={"value":[{"element-6066-11e4-a52e-4f735466cecf":"00000000-0000-114a-ffff-ffff0000024f","ELEMENT":"00000000-0000-114a-ffff-ffff0000024f"}]} | headers=HTTPHeaderDict({'X-Powered-By': 'Express', 'Vary': 'X-HTTP-Method-Override', 'Content-Type': 'application/json; charset=utf-8', 'Content-Length': '139', 'ETag': 'W/"8b-9c3D5PYycznVSXQJzPsynrF0nDQ"', 'Date': 'Thu, 18 Jan 2024 21:46:40 GMT', 'Connection': 'keep-alive'})</msg>
<msg timestamp="20240119 02:46:40.045" level="DEBUG">Finished Request</msg>
<msg timestamp="20240119 02:46:40.045" level="DEBUG">POST http://localhost:4723/wd/hub/session/0bb393d8-181c-407f-a8f7-02377b45ffb6/element/00000000-0000-114a-ffff-ffff0000024f/click {"id": "00000000-0000-114a-ffff-ffff0000024f"}</msg>
<msg timestamp="20240119 02:46:40.101" level="DEBUG">http://localhost:4723 "POST /wd/hub/session/0bb393d8-181c-407f-a8f7-02377b45ffb6/element/00000000-0000-114a-ffff-ffff0000024f/click HTTP/1.1" 200 0</msg>
<msg timestamp="20240119 02:46:40.102" level="DEBUG">Remote response: status=200 | data={"value":null} | headers=HTTPHeaderDict({'X-Powered-By': 'Express', 'Vary': 'X-HTTP-Method-Override', 'Content-Type': 'application/json; charset=utf-8', 'Content-Length': '14', 'ETag': 'W/"e-9/1BuKMgFObM1mWJm+YjxtXJnUM"', 'Date': 'Thu, 18 Jan 2024 21:46:40 GMT', 'Connection': 'keep-alive'})</msg>
<msg timestamp="20240119 02:46:40.102" level="DEBUG">Finished Request</msg>
<msg timestamp="20240119 02:46:40.102" level="INFO">xpath criteria: //android.widget.TextView[contains(@text,"Add a Field")]</msg>
<msg timestamp="20240119 02:46:40.102" level="TRACE">Return: None</msg>
<status status="PASS" starttime="20240119 02:46:39.953" endtime="20240119 02:46:40.102"/>
</kw>
<kw name="Sleep" library="BuiltIn">
<arg>3s</arg>
<doc>Pauses the test executed for the given time.</doc>
<msg timestamp="20240119 02:46:40.102" level="TRACE">Arguments: [ '3s' ]</msg>
<msg timestamp="20240119 02:46:43.103" level="INFO">Slept 3 seconds</msg>
<msg timestamp="20240119 02:46:43.103" level="TRACE">Return: None</msg>
<status status="PASS" starttime="20240119 02:46:40.102" endtime="20240119 02:46:43.103"/>
</kw>
<kw name="Click Element" library="AppiumLibrary">
<arg>${Add_Point_Button}</arg>
<doc>Click element identified by `locator`.</doc>
<msg timestamp="20240119 02:46:43.103" level="TRACE">Arguments: [ '//android.widget.TextView[contains(@text,"Add a point")]' ]</msg>
<msg timestamp="20240119 02:46:43.106" level="INFO">Clicking element '//android.widget.TextView[contains(@text,"Add a point")]'.</msg>
<msg timestamp="20240119 02:46:43.106" level="DEBUG">POST http://localhost:4723/wd/hub/session/0bb393d8-181c-407f-a8f7-02377b45ffb6/elements {"using": "xpath", "value": "//android.widget.TextView[contains(@text,\"Add a point\")]"}</msg>
<msg timestamp="20240119 02:46:43.239" level="DEBUG">http://localhost:4723 "POST /wd/hub/session/0bb393d8-181c-407f-a8f7-02377b45ffb6/elements HTTP/1.1" 200 0</msg>
<msg timestamp="20240119 02:46:43.239" level="DEBUG">Remote response: status=200 | data={"value":[{"element-6066-11e4-a52e-4f735466cecf":"00000000-0000-114a-ffff-ffff00000286","ELEMENT":"00000000-0000-114a-ffff-ffff00000286"}]} | headers=HTTPHeaderDict({'X-Powered-By': 'Express', 'Vary': 'X-HTTP-Method-Override', 'Content-Type': 'application/json; charset=utf-8', 'Content-Length': '139', 'ETag': 'W/"8b-9YFi+wkW6gbsdnLm/wY5Tjn1XOY"', 'Date': 'Thu, 18 Jan 2024 21:46:43 GMT', 'Connection': 'keep-alive'})</msg>
<msg timestamp="20240119 02:46:43.239" level="DEBUG">Finished Request</msg>
<msg timestamp="20240119 02:46:43.239" level="DEBUG">POST http://localhost:4723/wd/hub/session/0bb393d8-181c-407f-a8f7-02377b45ffb6/element/00000000-0000-114a-ffff-ffff00000286/click {"id": "00000000-0000-114a-ffff-ffff00000286"}</msg>
<msg timestamp="20240119 02:46:43.319" level="DEBUG">http://localhost:4723 "POST /wd/hub/session/0bb393d8-181c-407f-a8f7-02377b45ffb6/element/00000000-0000-114a-ffff-ffff00000286/click HTTP/1.1" 200 0</msg>
<msg timestamp="20240119 02:46:43.319" level="DEBUG">Remote response: status=200 | data={"value":null} | headers=HTTPHeaderDict({'X-Powered-By': 'Express', 'Vary': 'X-HTTP-Method-Override', 'Content-Type': 'application/json; charset=utf-8', 'Content-Length': '14', 'ETag': 'W/"e-9/1BuKMgFObM1mWJm+YjxtXJnUM"', 'Date': 'Thu, 18 Jan 2024 21:46:43 GMT', 'Connection': 'keep-alive'})</msg>
<msg timestamp="20240119 02:46:43.319" level="DEBUG">Finished Request</msg>
<msg timestamp="20240119 02:46:43.319" level="INFO">xpath criteria: //android.widget.TextView[contains(@text,"Add a point")]</msg>
<msg timestamp="20240119 02:46:43.319" level="TRACE">Return: None</msg>
<status status="PASS" starttime="20240119 02:46:43.103" endtime="20240119 02:46:43.319"/>
</kw>
<kw name="Sleep" library="BuiltIn">
<arg>2s</arg>
<doc>Pauses the test executed for the given time.</doc>
<msg timestamp="20240119 02:46:43.319" level="TRACE">Arguments: [ '2s' ]</msg>
<msg timestamp="20240119 02:46:45.320" level="INFO">Slept 2 seconds</msg>
<msg timestamp="20240119 02:46:45.320" level="TRACE">Return: None</msg>
<status status="PASS" starttime="20240119 02:46:43.319" endtime="20240119 02:46:45.320"/>
</kw>
<kw name="Click Element At Coordinates" library="AppiumLibrary">
<arg>10</arg>
<arg>10</arg>
<doc>*DEPRECATED!!* Since selenium v4, use other keywords.</doc>
<msg timestamp="20240119 02:46:45.320" level="WARN">Keyword 'AppiumLibrary.Click Element At Coordinates' is deprecated. Since selenium v4, use other keywords.</msg>
<msg timestamp="20240119 02:46:45.321" level="TRACE">Arguments: [ '10' | '10' ]</msg>
<msg timestamp="20240119 02:46:45.324" level="INFO">Pressing at (10, 10).</msg>
<msg timestamp="20240119 02:46:45.324" level="DEBUG">POST http://localhost:4723/wd/hub/session/0bb393d8-181c-407f-a8f7-02377b45ffb6/touch/perform {"actions": [{"action": "press", "options": {"x": "10", "y": "10"}}, {"action": "release", "options": {}}]}</msg>
<msg timestamp="20240119 02:46:45.528" level="DEBUG">http://localhost:4723 "POST /wd/hub/session/0bb393d8-181c-407f-a8f7-02377b45ffb6/touch/perform HTTP/1.1" 200 0</msg>
<msg timestamp="20240119 02:46:45.528" level="DEBUG">Remote response: status=200 | data={"value":null} | headers=HTTPHeaderDict({'X-Powered-By': 'Express', 'Vary': 'X-HTTP-Method-Override', 'Content-Type': 'application/json; charset=utf-8', 'Content-Length': '14', 'ETag': 'W/"e-9/1BuKMgFObM1mWJm+YjxtXJnUM"', 'Date': 'Thu, 18 Jan 2024 21:46:45 GMT', 'Connection': 'keep-alive'})</msg>
<msg timestamp="20240119 02:46:45.528" level="DEBUG">Finished Request</msg>
<msg timestamp="20240119 02:46:45.528" level="TRACE">Return: None</msg>
<status status="PASS" starttime="20240119 02:46:45.320" endtime="20240119 02:46:45.528"/>
</kw>
<kw name="Sleep" library="BuiltIn">
<arg>3s</arg>
<doc>Pauses the test executed for the given time.</doc>
<msg timestamp="20240119 02:46:45.528" level="TRACE">Arguments: [ '3s' ]</msg>
<msg timestamp="20240119 02:46:48.529" level="INFO">Slept 3 seconds</msg>
<msg timestamp="20240119 02:46:48.529" level="TRACE">Return: None</msg>
<status status="PASS" starttime="20240119 02:46:45.528" endtime="20240119 02:46:48.529"/>
</kw>
<kw name="Click Element" library="AppiumLibrary">
<arg>${Add_Point_Button}</arg>
<doc>Click element identified by `locator`.</doc>
<msg timestamp="20240119 02:46:48.529" level="TRACE">Arguments: [ '//android.widget.TextView[contains(@text,"Add a point")]' ]</msg>
<msg timestamp="20240119 02:46:48.534" level="INFO">Clicking element '//android.widget.TextView[contains(@text,"Add a point")]'.</msg>
<msg timestamp="20240119 02:46:48.534" level="DEBUG">POST http://localhost:4723/wd/hub/session/0bb393d8-181c-407f-a8f7-02377b45ffb6/elements {"using": "xpath", "value": "//android.widget.TextView[contains(@text,\"Add a point\")]"}</msg>
<msg timestamp="20240119 02:46:48.687" level="DEBUG">http://localhost:4723 "POST /wd/hub/session/0bb393d8-181c-407f-a8f7-02377b45ffb6/elements HTTP/1.1" 200 0</msg>
<msg timestamp="20240119 02:46:48.687" level="DEBUG">Remote response: status=200 | data={"value":[{"element-6066-11e4-a52e-4f735466cecf":"00000000-0000-114a-ffff-ffff00000286","ELEMENT":"00000000-0000-114a-ffff-ffff00000286"}]} | headers=HTTPHeaderDict({'X-Powered-By': 'Express', 'Vary': 'X-HTTP-Method-Override', 'Content-Type': 'application/json; charset=utf-8', 'Content-Length': '139', 'ETag': 'W/"8b-9YFi+wkW6gbsdnLm/wY5Tjn1XOY"', 'Date': 'Thu, 18 Jan 2024 21:46:48 GMT', 'Connection': 'keep-alive'})</msg>
<msg timestamp="20240119 02:46:48.687" level="DEBUG">Finished Request</msg>
<msg timestamp="20240119 02:46:48.687" level="DEBUG">POST http://localhost:4723/wd/hub/session/0bb393d8-181c-407f-a8f7-02377b45ffb6/element/00000000-0000-114a-ffff-ffff00000286/click {"id": "00000000-0000-114a-ffff-ffff00000286"}</msg>
<msg timestamp="20240119 02:46:49.182" level="DEBUG">http://localhost:4723 "POST /wd/hub/session/0bb393d8-181c-407f-a8f7-02377b45ffb6/element/00000000-0000-114a-ffff-ffff00000286/click HTTP/1.1" 200 0</msg>
<msg timestamp="20240119 02:46:49.182" level="DEBUG">Remote response: status=200 | data={"value":null} | headers=HTTPHeaderDict({'X-Powered-By': 'Express', 'Vary': 'X-HTTP-Method-Override', 'Content-Type': 'application/json; charset=utf-8', 'Content-Length': '14', 'ETag': 'W/"e-9/1BuKMgFObM1mWJm+YjxtXJnUM"', 'Date': 'Thu, 18 Jan 2024 21:46:49 GMT', 'Connection': 'keep-alive'})</msg>
<msg timestamp="20240119 02:46:49.182" level="DEBUG">Finished Request</msg>
<msg timestamp="20240119 02:46:49.183" level="INFO">xpath criteria: //android.widget.TextView[contains(@text,"Add a point")]</msg>
<msg timestamp="20240119 02:46:49.183" level="TRACE">Return: None</msg>
<status status="PASS" starttime="20240119 02:46:48.529" endtime="20240119 02:46:49.183"/>
</kw>
<kw name="Sleep" library="BuiltIn">
<arg>2s</arg>
<doc>Pauses the test executed for the given time.</doc>
<msg timestamp="20240119 02:46:49.183" level="TRACE">Arguments: [ '2s' ]</msg>
<msg timestamp="20240119 02:46:51.183" level="INFO">Slept 2 seconds</msg>
<msg timestamp="20240119 02:46:51.183" level="TRACE">Return: None</msg>
<status status="PASS" starttime="20240119 02:46:49.183" endtime="20240119 02:46:51.183"/>
</kw>
<kw name="Click Element At Coordinates" library="AppiumLibrary">
<arg>10</arg>
<arg>10</arg>
<doc>*DEPRECATED!!* Since selenium v4, use other keywords.</doc>
<msg timestamp="20240119 02:46:51.183" level="WARN">Keyword 'AppiumLibrary.Click Element At Coordinates' is deprecated. Since selenium v4, use other keywords.</msg>
<msg timestamp="20240119 02:46:51.184" level="TRACE">Arguments: [ '10' | '10' ]</msg>
<msg timestamp="20240119 02:46:51.188" level="INFO">Pressing at (10, 10).</msg>
<msg timestamp="20240119 02:46:51.188" level="DEBUG">POST http://localhost:4723/wd/hub/session/0bb393d8-181c-407f-a8f7-02377b45ffb6/touch/perform {"actions": [{"action": "press", "options": {"x": "10", "y": "10"}}, {"action": "release", "options": {}}]}</msg>
<msg timestamp="20240119 02:46:51.366" level="DEBUG">http://localhost:4723 "POST /wd/hub/session/0bb393d8-181c-407f-a8f7-02377b45ffb6/touch/perform HTTP/1.1" 200 0</msg>
<msg timestamp="20240119 02:46:51.366" level="DEBUG">Remote response: status=200 | data={"value":null} | headers=HTTPHeaderDict({'X-Powered-By': 'Express', 'Vary': 'X-HTTP-Method-Override', 'Content-Type': 'application/json; charset=utf-8', 'Content-Length': '14', 'ETag': 'W/"e-9/1BuKMgFObM1mWJm+YjxtXJnUM"', 'Date': 'Thu, 18 Jan 2024 21:46:51 GMT', 'Connection': 'keep-alive'})</msg>
<msg timestamp="20240119 02:46:51.366" level="DEBUG">Finished Request</msg>
<msg timestamp="20240119 02:46:51.366" level="TRACE">Return: None</msg>
<status status="PASS" starttime="20240119 02:46:51.183" endtime="20240119 02:46:51.366"/>
</kw>
<msg timestamp="20240119 02:46:51.366" level="TRACE">Return: None</msg>
<status status="PASS" starttime="20240119 02:46:36.951" endtime="20240119 02:46:51.366"/>
</kw>
<status status="PASS" starttime="20240119 02:46:35.983" endtime="20240119 02:46:51.367"/>
</test>
<status status="PASS" starttime="20240119 02:45:33.429" endtime="20240119 02:46:51.368"/>
</suite>
<statistics>
<total>
<stat pass="1" fail="0" skip="0">All Tests</stat>
</total>
<tag>
</tag>
<suite>
<stat pass="1" fail="0" skip="0" id="s1" name="Add Field">Add Field</stat>
</suite>
</statistics>
<errors>
<msg timestamp="20240119 02:46:45.320" level="WARN">Keyword 'AppiumLibrary.Click Element At Coordinates' is deprecated. Since selenium v4, use other keywords.</msg>
<msg timestamp="20240119 02:46:51.183" level="WARN">Keyword 'AppiumLibrary.Click Element At Coordinates' is deprecated. Since selenium v4, use other keywords.</msg>
</errors>
</robot>
